{"numFailedTestSuites":11,"numFailedTests":85,"numPassedTestSuites":7,"numPassedTests":311,"numPendingTestSuites":0,"numPendingTests":0,"numRuntimeErrorTestSuites":0,"numTodoTests":0,"numTotalTestSuites":18,"numTotalTests":396,"openHandles":[],"snapshot":{"added":0,"didUpdate":false,"failure":false,"filesAdded":0,"filesRemoved":0,"filesRemovedList":[],"filesUnmatched":0,"filesUpdated":0,"matched":0,"total":0,"unchecked":0,"uncheckedKeysByFile":[],"unmatched":0,"updated":0},"startTime":1780384212466,"success":false,"testResults":[{"assertionResults":[{"ancestorTitles":["Notification Tests","Notification Recipient Resolution"],"duration":503,"failureDetails":[{"matcherResult":{"message":"expect(received).toContain(expected) // indexOf\n\nExpected value: \"b2ff0c23-bb79-4211-baa2-c88e2f23b44c\"\nReceived array: []","pass":false}}],"failureMessages":["Error: expect(received).toContain(expected) // indexOf\n\nExpected value: \"b2ff0c23-bb79-4211-baa2-c88e2f23b44c\"\nReceived array: []\n    at Object.<anonymous> (C:\\Users\\lty00\\Downloads\\subtitle-group-pipeline\\backend\\src\\tests\\notification.test.ts:49:26)"],"fullName":"Notification Tests Notification Recipient Resolution should resolve task_assigned recipient","invocations":1,"location":null,"numPassingAsserts":0,"retryReasons":[],"status":"failed","title":"should resolve task_assigned recipient"},{"ancestorTitles":["Notification Tests","Notification Recipient Resolution"],"duration":264,"failureDetails":[],"failureMessages":[],"fullName":"Notification Tests Notification Recipient Resolution should resolve file_uploaded recipients (project members excluding actor)","invocations":1,"location":null,"numPassingAsserts":4,"retryReasons":[],"status":"passed","title":"should resolve file_uploaded recipients (project members excluding actor)"},{"ancestorTitles":["Notification Tests","Notification Recipient Resolution"],"duration":327,"failureDetails":[],"failureMessages":[],"fullName":"Notification Tests Notification Recipient Resolution should resolve mention recipients from comment content","invocations":1,"location":null,"numPassingAsserts":3,"retryReasons":[],"status":"passed","title":"should resolve mention recipients from comment content"},{"ancestorTitles":["Notification Tests","Notification Recipient Resolution"],"duration":67,"failureDetails":[],"failureMessages":[],"fullName":"Notification Tests Notification Recipient Resolution should resolve join_request recipients (supervisors and owner)","invocations":1,"location":null,"numPassingAsserts":3,"retryReasons":[],"status":"passed","title":"should resolve join_request recipients (supervisors and owner)"},{"ancestorTitles":["Notification Tests","Notification Recipient Resolution"],"duration":67,"failureDetails":[],"failureMessages":[],"fullName":"Notification Tests Notification Recipient Resolution should resolve conflict_detected recipients (supervisors)","invocations":1,"location":null,"numPassingAsserts":3,"retryReasons":[],"status":"passed","title":"should resolve conflict_detected recipients (supervisors)"},{"ancestorTitles":["Notification Tests","Notification Recipient Resolution"],"duration":158,"failureDetails":[{"code":"P2003","meta":{"modelName":"Task","constraint":null},"clientVersion":"6.19.3","name":"PrismaClientKnownRequestError"}],"failureMessages":["PrismaClientKnownRequestError: \nInvalid `prisma.task.create()` invocation in\nC:\\Users\\lty00\\Downloads\\subtitle-group-pipeline\\backend\\src\\tests\\setup.ts:229:34\n\n  226 \n  227 export async function createTestTask(data: TestTaskData) {\n  228   const suffix = Math.random().toString(36).substring(2, 10);\n→ 229   const task = await prisma.task.create(\nForeign key constraint violated on the foreign key\n    at ei.handleRequestError (C:\\Users\\lty00\\Downloads\\subtitle-group-pipeline\\backend\\node_modules\\@prisma\\client\\src\\runtime\\RequestHandler.ts:228:13)\n    at ei.handleAndLogRequestError (C:\\Users\\lty00\\Downloads\\subtitle-group-pipeline\\backend\\node_modules\\@prisma\\client\\src\\runtime\\RequestHandler.ts:174:12)\n    at ei.request (C:\\Users\\lty00\\Downloads\\subtitle-group-pipeline\\backend\\node_modules\\@prisma\\client\\src\\runtime\\RequestHandler.ts:143:12)\n    at a (C:\\Users\\lty00\\Downloads\\subtitle-group-pipeline\\backend\\node_modules\\@prisma\\client\\src\\runtime\\getPrismaClient.ts:833:24)\n    at createTestTask (C:\\Users\\lty00\\Downloads\\subtitle-group-pipeline\\backend\\src\\tests\\setup.ts:229:16)\n    at Object.<anonymous> (C:\\Users\\lty00\\Downloads\\subtitle-group-pipeline\\backend\\src\\tests\\notification.test.ts:146:20)"],"fullName":"Notification Tests Notification Recipient Resolution should resolve task_overdue recipients (assignee + supervisors)","invocations":1,"location":null,"numPassingAsserts":0,"retryReasons":[],"status":"failed","title":"should resolve task_overdue recipients (assignee + supervisors)"},{"ancestorTitles":["Notification Tests","Workflow Event Notifications"],"duration":171,"failureDetails":[{"matcherResult":{"actual":403,"expected":200,"message":"expect(received).toBe(expected) // Object.is equality\n\nExpected: 200\nReceived: 403","name":"toBe","pass":false}}],"failureMessages":["Error: expect(received).toBe(expected) // Object.is equality\n\nExpected: 200\nReceived: 403\n    at expectSuccess (C:\\Users\\lty00\\Downloads\\subtitle-group-pipeline\\backend\\src\\tests\\helpers.ts:148:27)\n    at Object.<anonymous> (C:\\Users\\lty00\\Downloads\\subtitle-group-pipeline\\backend\\src\\tests\\notification.test.ts:188:20)\n    at processTicksAndRejections (node:internal/process/task_queues:103:5)"],"fullName":"Notification Tests Workflow Event Notifications should create review requests and notify project reviewers when a gated task is submitted","invocations":1,"location":null,"numPassingAsserts":0,"retryReasons":[],"status":"failed","title":"should create review requests and notify project reviewers when a gated task is submitted"},{"ancestorTitles":["Notification Tests","Workflow Event Notifications"],"duration":151,"failureDetails":[{"matcherResult":{"actual":400,"expected":200,"message":"expect(received).toBe(expected) // Object.is equality\n\nExpected: 200\nReceived: 400","name":"toBe","pass":false}}],"failureMessages":["Error: expect(received).toBe(expected) // Object.is equality\n\nExpected: 200\nReceived: 400\n    at expectSuccess (C:\\Users\\lty00\\Downloads\\subtitle-group-pipeline\\backend\\src\\tests\\helpers.ts:148:27)\n    at Object.<anonymous> (C:\\Users\\lty00\\Downloads\\subtitle-group-pipeline\\backend\\src\\tests\\notification.test.ts:227:20)\n    at processTicksAndRejections (node:internal/process/task_queues:103:5)"],"fullName":"Notification Tests Workflow Event Notifications should notify the requester when review is approved or rejected","invocations":1,"location":null,"numPassingAsserts":0,"retryReasons":[],"status":"failed","title":"should notify the requester when review is approved or rejected"},{"ancestorTitles":["Notification Tests","Workflow Event Notifications"],"duration":85,"failureDetails":[{"matcherResult":{"actual":400,"expected":200,"message":"expect(received).toBe(expected) // Object.is equality\n\nExpected: 200\nReceived: 400","name":"toBe","pass":false}}],"failureMessages":["Error: expect(received).toBe(expected) // Object.is equality\n\nExpected: 200\nReceived: 400\n    at expectSuccess (C:\\Users\\lty00\\Downloads\\subtitle-group-pipeline\\backend\\src\\tests\\helpers.ts:148:27)\n    at Object.<anonymous> (C:\\Users\\lty00\\Downloads\\subtitle-group-pipeline\\backend\\src\\tests\\notification.test.ts:312:20)\n    at processTicksAndRejections (node:internal/process/task_queues:103:5)"],"fullName":"Notification Tests Workflow Event Notifications should notify downstream assignees when an approved task unlocks their work","invocations":1,"location":null,"numPassingAsserts":0,"retryReasons":[],"status":"failed","title":"should notify downstream assignees when an approved task unlocks their work"},{"ancestorTitles":["Notification Tests","Workflow Event Notifications"],"duration":209,"failureDetails":[],"failureMessages":[],"fullName":"Notification Tests Workflow Event Notifications should notify both applicant and acting reviewer for join decisions","invocations":1,"location":null,"numPassingAsserts":5,"retryReasons":[],"status":"passed","title":"should notify both applicant and acting reviewer for join decisions"},{"ancestorTitles":["Notification Tests","Workflow Event Notifications"],"duration":239,"failureDetails":[],"failureMessages":[],"fullName":"Notification Tests Workflow Event Notifications should notify supervisors when subtitle merge detects conflicts","invocations":1,"location":null,"numPassingAsserts":1,"retryReasons":[],"status":"passed","title":"should notify supervisors when subtitle merge detects conflicts"},{"ancestorTitles":["Notification Tests","QQ Group @ Payload Generation"],"duration":82,"failureDetails":[],"failureMessages":[],"fullName":"Notification Tests QQ Group @ Payload Generation should build CQ group payload with @ mentions and escaped content","invocations":1,"location":null,"numPassingAsserts":1,"retryReasons":[],"status":"passed","title":"should build CQ group payload with @ mentions and escaped content"},{"ancestorTitles":["Notification Tests","QQ Group @ Payload Generation"],"duration":12,"failureDetails":[],"failureMessages":[],"fullName":"Notification Tests QQ Group @ Payload Generation should format QQ group notification with @ mentions","invocations":1,"location":null,"numPassingAsserts":2,"retryReasons":[],"status":"passed","title":"should format QQ group notification with @ mentions"},{"ancestorTitles":["Notification Tests","QQ Group @ Payload Generation"],"duration":34,"failureDetails":[],"failureMessages":[],"fullName":"Notification Tests QQ Group @ Payload Generation should deliver QQ notifications through group message with targeted @ mention when group is configured","invocations":1,"location":null,"numPassingAsserts":4,"retryReasons":[],"status":"passed","title":"should deliver QQ notifications through group message with targeted @ mention when group is configured"},{"ancestorTitles":["Notification Tests","QQ Group @ Payload Generation"],"duration":72,"failureDetails":[],"failureMessages":[],"fullName":"Notification Tests QQ Group @ Payload Generation should use the project's QQ group for QQ notifications with project context","invocations":1,"location":null,"numPassingAsserts":3,"retryReasons":[],"status":"passed","title":"should use the project's QQ group for QQ notifications with project context"},{"ancestorTitles":["Notification Tests","Channel Escalation Rules"],"duration":70,"failureDetails":[],"failureMessages":[],"fullName":"Notification Tests Channel Escalation Rules should create notification with in_site delivery","invocations":1,"location":null,"numPassingAsserts":6,"retryReasons":[],"status":"passed","title":"should create notification with in_site delivery"},{"ancestorTitles":["Notification Tests","Channel Escalation Rules"],"duration":41,"failureDetails":[],"failureMessages":[],"fullName":"Notification Tests Channel Escalation Rules should store notification preferences with escalation settings","invocations":1,"location":null,"numPassingAsserts":2,"retryReasons":[],"status":"passed","title":"should store notification preferences with escalation settings"},{"ancestorTitles":["Notification Tests","Channel Escalation Rules"],"duration":42,"failureDetails":[],"failureMessages":[],"fullName":"Notification Tests Channel Escalation Rules should update notification preferences","invocations":1,"location":null,"numPassingAsserts":5,"retryReasons":[],"status":"passed","title":"should update notification preferences"},{"ancestorTitles":["Notification Tests","Task Reassignment Notifications"],"duration":90,"failureDetails":[],"failureMessages":[],"fullName":"Notification Tests Task Reassignment Notifications should notify previous assignee of task reassignment","invocations":1,"location":null,"numPassingAsserts":3,"retryReasons":[],"status":"passed","title":"should notify previous assignee of task reassignment"},{"ancestorTitles":["Notification Tests","Comment @ Mentions"],"duration":82,"failureDetails":[],"failureMessages":[],"fullName":"Notification Tests Comment @ Mentions should extract mentions from comment content","invocations":1,"location":null,"numPassingAsserts":4,"retryReasons":[],"status":"passed","title":"should extract mentions from comment content"},{"ancestorTitles":["Notification Tests","Overdue Marking and Escalation"],"duration":77,"failureDetails":[],"failureMessages":[],"fullName":"Notification Tests Overdue Marking and Escalation should mark overdue tasks and create notifications","invocations":1,"location":null,"numPassingAsserts":2,"retryReasons":[],"status":"passed","title":"should mark overdue tasks and create notifications"},{"ancestorTitles":["Notification Tests","Overdue Marking and Escalation"],"duration":74,"failureDetails":[],"failureMessages":[],"fullName":"Notification Tests Overdue Marking and Escalation should escalate to supervisors for overdue tasks","invocations":1,"location":null,"numPassingAsserts":2,"retryReasons":[],"status":"passed","title":"should escalate to supervisors for overdue tasks"},{"ancestorTitles":["Notification Tests","Channel Delivery Logging"],"duration":51,"failureDetails":[],"failureMessages":[],"fullName":"Notification Tests Channel Delivery Logging should log delivery attempts","invocations":1,"location":null,"numPassingAsserts":4,"retryReasons":[],"status":"passed","title":"should log delivery attempts"},{"ancestorTitles":["Notification Tests","Channel Delivery Logging"],"duration":40,"failureDetails":[],"failureMessages":[],"fullName":"Notification Tests Channel Delivery Logging should log failed deliveries with error message","invocations":1,"location":null,"numPassingAsserts":2,"retryReasons":[],"status":"passed","title":"should log failed deliveries with error message"},{"ancestorTitles":["Notification Tests","Retry Handling"],"duration":44,"failureDetails":[],"failureMessages":[],"fullName":"Notification Tests Retry Handling should track retry count on failed deliveries","invocations":1,"location":null,"numPassingAsserts":2,"retryReasons":[],"status":"passed","title":"should track retry count on failed deliveries"},{"ancestorTitles":["Notification Tests","Retry Handling"],"duration":41,"failureDetails":[],"failureMessages":[],"fullName":"Notification Tests Retry Handling should stop retrying after max attempts","invocations":1,"location":null,"numPassingAsserts":1,"retryReasons":[],"status":"passed","title":"should stop retrying after max attempts"},{"ancestorTitles":["Notification Tests","Retry Handling"],"duration":15234,"failureDetails":[{"matcherResult":{"message":"expect(received).toBeGreaterThan(expected)\n\nExpected: > 0\nReceived:   0","pass":false}}],"failureMessages":["Error: expect(received).toBeGreaterThan(expected)\n\nExpected: > 0\nReceived:   0\n    at Object.<anonymous> (C:\\Users\\lty00\\Downloads\\subtitle-group-pipeline\\backend\\src\\tests\\notification.test.ts:868:33)"],"fullName":"Notification Tests Retry Handling should retry failed deliveries via service","invocations":1,"location":null,"numPassingAsserts":0,"retryReasons":[],"status":"failed","title":"should retry failed deliveries via service"},{"ancestorTitles":["Notification Tests","Notification CRUD"],"duration":304,"failureDetails":[],"failureMessages":[],"fullName":"Notification Tests Notification CRUD should get user notifications with unread count","invocations":1,"location":null,"numPassingAsserts":4,"retryReasons":[],"status":"passed","title":"should get user notifications with unread count"},{"ancestorTitles":["Notification Tests","Notification CRUD"],"duration":48,"failureDetails":[],"failureMessages":[],"fullName":"Notification Tests Notification CRUD should mark notification as read","invocations":1,"location":null,"numPassingAsserts":4,"retryReasons":[],"status":"passed","title":"should mark notification as read"},{"ancestorTitles":["Notification Tests","Notification CRUD"],"duration":79,"failureDetails":[],"failureMessages":[],"fullName":"Notification Tests Notification CRUD should mark all notifications as read","invocations":1,"location":null,"numPassingAsserts":3,"retryReasons":[],"status":"passed","title":"should mark all notifications as read"},{"ancestorTitles":["Notification Tests","Notification CRUD"],"duration":226,"failureDetails":[],"failureMessages":[],"fullName":"Notification Tests Notification CRUD should dismiss notification","invocations":1,"location":null,"numPassingAsserts":3,"retryReasons":[],"status":"passed","title":"should dismiss notification"}],"endTime":1780384233729,"message":"  ● Notification Tests › Notification Recipient Resolution › should resolve task_assigned recipient\n\n    expect(received).toContain(expected) // indexOf\n\n    Expected value: \"b2ff0c23-bb79-4211-baa2-c88e2f23b44c\"\n    Received array: []\n\n    \u001b[0m \u001b[90m 47 |\u001b[39m       })\u001b[33m;\u001b[39m\n     \u001b[90m 48 |\u001b[39m\n    \u001b[31m\u001b[1m>\u001b[22m\u001b[39m\u001b[90m 49 |\u001b[39m       expect(recipients)\u001b[33m.\u001b[39mtoContain(assignee\u001b[33m.\u001b[39mid)\u001b[33m;\u001b[39m\n     \u001b[90m    |\u001b[39m                          \u001b[31m\u001b[1m^\u001b[22m\u001b[39m\n     \u001b[90m 50 |\u001b[39m     })\u001b[33m;\u001b[39m\n     \u001b[90m 51 |\u001b[39m\n     \u001b[90m 52 |\u001b[39m     it(\u001b[32m\"should resolve file_uploaded recipients (project members excluding actor)\"\u001b[39m\u001b[33m,\u001b[39m \u001b[36masync\u001b[39m () \u001b[33m=>\u001b[39m {\u001b[0m\n\n      at Object.<anonymous> (src/tests/notification.test.ts:49:26)\n\n  ● Notification Tests › Notification Recipient Resolution › should resolve task_overdue recipients (assignee + supervisors)\n\n    PrismaClientKnownRequestError: \n    Invalid `prisma.task.create()` invocation in\n    C:\\Users\\lty00\\Downloads\\subtitle-group-pipeline\\backend\\src\\tests\\setup.ts:229:34\n\n      226 \n      227 export async function createTestTask(data: TestTaskData) {\n      228   const suffix = Math.random().toString(36).substring(2, 10);\n    → 229   const task = await prisma.task.create(\n    Foreign key constraint violated on the foreign key\n\n    \u001b[0m \u001b[90m 227 |\u001b[39m \u001b[36mexport\u001b[39m \u001b[36masync\u001b[39m \u001b[36mfunction\u001b[39m createTestTask(data\u001b[33m:\u001b[39m \u001b[33mTestTaskData\u001b[39m) {\n     \u001b[90m 228 |\u001b[39m   \u001b[36mconst\u001b[39m suffix \u001b[33m=\u001b[39m \u001b[33mMath\u001b[39m\u001b[33m.\u001b[39mrandom()\u001b[33m.\u001b[39mtoString(\u001b[35m36\u001b[39m)\u001b[33m.\u001b[39msubstring(\u001b[35m2\u001b[39m\u001b[33m,\u001b[39m \u001b[35m10\u001b[39m)\u001b[33m;\u001b[39m\n    \u001b[31m\u001b[1m>\u001b[22m\u001b[39m\u001b[90m 229 |\u001b[39m   \u001b[36mconst\u001b[39m task \u001b[33m=\u001b[39m \u001b[36mawait\u001b[39m prisma\u001b[33m.\u001b[39mtask\u001b[33m.\u001b[39mcreate({\n     \u001b[90m     |\u001b[39m                \u001b[31m\u001b[1m^\u001b[22m\u001b[39m\n     \u001b[90m 230 |\u001b[39m     data\u001b[33m:\u001b[39m {\n     \u001b[90m 231 |\u001b[39m       project_id\u001b[33m:\u001b[39m data\u001b[33m.\u001b[39mproject_id\u001b[33m,\u001b[39m\n     \u001b[90m 232 |\u001b[39m       unit_id\u001b[33m:\u001b[39m data\u001b[33m.\u001b[39munit_id \u001b[33m||\u001b[39m \u001b[36mnull\u001b[39m\u001b[33m,\u001b[39m\u001b[0m\n\n      at ei.handleRequestError (node_modules/@prisma/client/src/runtime/RequestHandler.ts:228:13)\n      at ei.handleAndLogRequestError (node_modules/@prisma/client/src/runtime/RequestHandler.ts:174:12)\n      at ei.request (node_modules/@prisma/client/src/runtime/RequestHandler.ts:143:12)\n      at a (node_modules/@prisma/client/src/runtime/getPrismaClient.ts:833:24)\n      at createTestTask (src/tests/setup.ts:229:16)\n      at Object.<anonymous> (src/tests/notification.test.ts:146:20)\n\n  ● Notification Tests › Workflow Event Notifications › should create review requests and notify project reviewers when a gated task is submitted\n\n    expect(received).toBe(expected) // Object.is equality\n\n    Expected: 200\n    Received: 403\n\n    \u001b[0m \u001b[90m 146 |\u001b[39m\n     \u001b[90m 147 |\u001b[39m \u001b[36mexport\u001b[39m \u001b[36mfunction\u001b[39m expectSuccess(response\u001b[33m:\u001b[39m request\u001b[33m.\u001b[39m\u001b[33mResponse\u001b[39m\u001b[33m,\u001b[39m statusCode \u001b[33m=\u001b[39m \u001b[35m200\u001b[39m) {\n    \u001b[31m\u001b[1m>\u001b[22m\u001b[39m\u001b[90m 148 |\u001b[39m   expect(response\u001b[33m.\u001b[39mstatus)\u001b[33m.\u001b[39mtoBe(statusCode)\u001b[33m;\u001b[39m\n     \u001b[90m     |\u001b[39m                           \u001b[31m\u001b[1m^\u001b[22m\u001b[39m\n     \u001b[90m 149 |\u001b[39m   expect(response\u001b[33m.\u001b[39mbody\u001b[33m.\u001b[39msuccess)\u001b[33m.\u001b[39mtoBe(\u001b[36mtrue\u001b[39m)\u001b[33m;\u001b[39m\n     \u001b[90m 150 |\u001b[39m }\n     \u001b[90m 151 |\u001b[39m\u001b[0m\n\n      at expectSuccess (src/tests/helpers.ts:148:27)\n      at Object.<anonymous> (src/tests/notification.test.ts:188:20)\n\n  ● Notification Tests › Workflow Event Notifications › should notify the requester when review is approved or rejected\n\n    expect(received).toBe(expected) // Object.is equality\n\n    Expected: 200\n    Received: 400\n\n    \u001b[0m \u001b[90m 146 |\u001b[39m\n     \u001b[90m 147 |\u001b[39m \u001b[36mexport\u001b[39m \u001b[36mfunction\u001b[39m expectSuccess(response\u001b[33m:\u001b[39m request\u001b[33m.\u001b[39m\u001b[33mResponse\u001b[39m\u001b[33m,\u001b[39m statusCode \u001b[33m=\u001b[39m \u001b[35m200\u001b[39m) {\n    \u001b[31m\u001b[1m>\u001b[22m\u001b[39m\u001b[90m 148 |\u001b[39m   expect(response\u001b[33m.\u001b[39mstatus)\u001b[33m.\u001b[39mtoBe(statusCode)\u001b[33m;\u001b[39m\n     \u001b[90m     |\u001b[39m                           \u001b[31m\u001b[1m^\u001b[22m\u001b[39m\n     \u001b[90m 149 |\u001b[39m   expect(response\u001b[33m.\u001b[39mbody\u001b[33m.\u001b[39msuccess)\u001b[33m.\u001b[39mtoBe(\u001b[36mtrue\u001b[39m)\u001b[33m;\u001b[39m\n     \u001b[90m 150 |\u001b[39m }\n     \u001b[90m 151 |\u001b[39m\u001b[0m\n\n      at expectSuccess (src/tests/helpers.ts:148:27)\n      at Object.<anonymous> (src/tests/notification.test.ts:227:20)\n\n  ● Notification Tests › Workflow Event Notifications › should notify downstream assignees when an approved task unlocks their work\n\n    expect(received).toBe(expected) // Object.is equality\n\n    Expected: 200\n    Received: 400\n\n    \u001b[0m \u001b[90m 146 |\u001b[39m\n     \u001b[90m 147 |\u001b[39m \u001b[36mexport\u001b[39m \u001b[36mfunction\u001b[39m expectSuccess(response\u001b[33m:\u001b[39m request\u001b[33m.\u001b[39m\u001b[33mResponse\u001b[39m\u001b[33m,\u001b[39m statusCode \u001b[33m=\u001b[39m \u001b[35m200\u001b[39m) {\n    \u001b[31m\u001b[1m>\u001b[22m\u001b[39m\u001b[90m 148 |\u001b[39m   expect(response\u001b[33m.\u001b[39mstatus)\u001b[33m.\u001b[39mtoBe(statusCode)\u001b[33m;\u001b[39m\n     \u001b[90m     |\u001b[39m                           \u001b[31m\u001b[1m^\u001b[22m\u001b[39m\n     \u001b[90m 149 |\u001b[39m   expect(response\u001b[33m.\u001b[39mbody\u001b[33m.\u001b[39msuccess)\u001b[33m.\u001b[39mtoBe(\u001b[36mtrue\u001b[39m)\u001b[33m;\u001b[39m\n     \u001b[90m 150 |\u001b[39m }\n     \u001b[90m 151 |\u001b[39m\u001b[0m\n\n      at expectSuccess (src/tests/helpers.ts:148:27)\n      at Object.<anonymous> (src/tests/notification.test.ts:312:20)\n\n  ● Notification Tests › Retry Handling › should retry failed deliveries via service\n\n    expect(received).toBeGreaterThan(expected)\n\n    Expected: > 0\n    Received:   0\n\n    \u001b[0m \u001b[90m 866 |\u001b[39m       })\u001b[33m;\u001b[39m\n     \u001b[90m 867 |\u001b[39m\n    \u001b[31m\u001b[1m>\u001b[22m\u001b[39m\u001b[90m 868 |\u001b[39m       expect(deliveries\u001b[33m.\u001b[39mlength)\u001b[33m.\u001b[39mtoBeGreaterThan(\u001b[35m0\u001b[39m)\u001b[33m;\u001b[39m\n     \u001b[90m     |\u001b[39m                                 \u001b[31m\u001b[1m^\u001b[22m\u001b[39m\n     \u001b[90m 869 |\u001b[39m     })\u001b[33m;\u001b[39m\n     \u001b[90m 870 |\u001b[39m   })\u001b[33m;\u001b[39m\n     \u001b[90m 871 |\u001b[39m\u001b[0m\n\n      at Object.<anonymous> (src/tests/notification.test.ts:868:33)\n","name":"C:\\Users\\lty00\\Downloads\\subtitle-group-pipeline\\backend\\src\\tests\\notification.test.ts","startTime":1780384212624,"status":"failed","summary":""},{"assertionResults":[{"ancestorTitles":["Project & Workflow Tests","Project Listing"],"duration":463,"failureDetails":[{"matcherResult":{"actual":401,"expected":200,"message":"expect(received).toBe(expected) // Object.is equality\n\nExpected: 200\nReceived: 401","name":"toBe","pass":false}}],"failureMessages":["Error: expect(received).toBe(expected) // Object.is equality\n\nExpected: 200\nReceived: 401\n    at expectSuccess (C:\\Users\\lty00\\Downloads\\subtitle-group-pipeline\\backend\\src\\tests\\helpers.ts:148:27)\n    at Object.<anonymous> (C:\\Users\\lty00\\Downloads\\subtitle-group-pipeline\\backend\\src\\tests\\project.test.ts:103:20)\n    at processTicksAndRejections (node:internal/process/task_queues:103:5)"],"fullName":"Project & Workflow Tests Project Listing should expose members and assigned users for participated project filtering","invocations":1,"location":null,"numPassingAsserts":0,"retryReasons":[],"status":"failed","title":"should expose members and assigned users for participated project filtering"},{"ancestorTitles":["Project & Workflow Tests","Template Instantiation"],"duration":82,"failureDetails":[],"failureMessages":[],"fullName":"Project & Workflow Tests Template Instantiation should prevent regular members from creating projects","invocations":1,"location":null,"numPassingAsserts":6,"retryReasons":[],"status":"passed","title":"should prevent regular members from creating projects"},{"ancestorTitles":["Project & Workflow Tests","Template Instantiation"],"duration":84,"failureDetails":[],"failureMessages":[],"fullName":"Project & Workflow Tests Template Instantiation should inherit delivery checklist from template","invocations":1,"location":null,"numPassingAsserts":6,"retryReasons":[],"status":"passed","title":"should inherit delivery checklist from template"},{"ancestorTitles":["Project & Workflow Tests","Template Instantiation"],"duration":64,"failureDetails":[],"failureMessages":[],"fullName":"Project & Workflow Tests Template Instantiation should require a project QQ group when creating from a template","invocations":1,"location":null,"numPassingAsserts":3,"retryReasons":[],"status":"passed","title":"should require a project QQ group when creating from a template"},{"ancestorTitles":["Project & Workflow Tests","Template Instantiation"],"duration":108,"failureDetails":[],"failureMessages":[],"fullName":"Project & Workflow Tests Template Instantiation should increase project units without creating default tasks","invocations":1,"location":null,"numPassingAsserts":7,"retryReasons":[],"status":"passed","title":"should increase project units without creating default tasks"},{"ancestorTitles":["Project & Workflow Tests","Template Instantiation"],"duration":297,"failureDetails":[{"matcherResult":{"actual":401,"expected":200,"message":"expect(received).toBe(expected) // Object.is equality\n\nExpected: 200\nReceived: 401","name":"toBe","pass":false}}],"failureMessages":["Error: expect(received).toBe(expected) // Object.is equality\n\nExpected: 200\nReceived: 401\n    at expectSuccess (C:\\Users\\lty00\\Downloads\\subtitle-group-pipeline\\backend\\src\\tests\\helpers.ts:148:27)\n    at Object.<anonymous> (C:\\Users\\lty00\\Downloads\\subtitle-group-pipeline\\backend\\src\\tests\\project.test.ts:281:20)\n    at processTicksAndRejections (node:internal/process/task_queues:103:5)"],"fullName":"Project & Workflow Tests Template Instantiation should reduce project units without requiring default tasks","invocations":1,"location":null,"numPassingAsserts":2,"retryReasons":[],"status":"failed","title":"should reduce project units without requiring default tasks"},{"ancestorTitles":["Project & Workflow Tests","Template Instantiation"],"duration":324,"failureDetails":[{"matcherResult":{"actual":400,"expected":200,"message":"expect(received).toBe(expected) // Object.is equality\n\nExpected: 200\nReceived: 400","name":"toBe","pass":false}}],"failureMessages":["Error: expect(received).toBe(expected) // Object.is equality\n\nExpected: 200\nReceived: 400\n    at expectSuccess (C:\\Users\\lty00\\Downloads\\subtitle-group-pipeline\\backend\\src\\tests\\helpers.ts:148:27)\n    at Object.<anonymous> (C:\\Users\\lty00\\Downloads\\subtitle-group-pipeline\\backend\\src\\tests\\project.test.ts:329:20)\n    at processTicksAndRejections (node:internal/process/task_queues:103:5)"],"fullName":"Project & Workflow Tests Template Instantiation should reduce project units by deleting selected episodes instead of only the tail","invocations":1,"location":null,"numPassingAsserts":2,"retryReasons":[],"status":"failed","title":"should reduce project units by deleting selected episodes instead of only the tail"},{"ancestorTitles":["Project & Workflow Tests","Template Instantiation"],"duration":226,"failureDetails":[],"failureMessages":[],"fullName":"Project & Workflow Tests Template Instantiation should reject reducing episode count when removed episodes contain active work","invocations":1,"location":null,"numPassingAsserts":6,"retryReasons":[],"status":"passed","title":"should reject reducing episode count when removed episodes contain active work"},{"ancestorTitles":["Project & Workflow Tests","Template Instantiation"],"duration":598,"failureDetails":[{"matcherResult":{"actual":400,"expected":200,"message":"expect(received).toBe(expected) // Object.is equality\n\nExpected: 200\nReceived: 400","name":"toBe","pass":false}}],"failureMessages":["Error: expect(received).toBe(expected) // Object.is equality\n\nExpected: 200\nReceived: 400\n    at expectSuccess (C:\\Users\\lty00\\Downloads\\subtitle-group-pipeline\\backend\\src\\tests\\helpers.ts:148:27)\n    at Object.<anonymous> (C:\\Users\\lty00\\Downloads\\subtitle-group-pipeline\\backend\\src\\tests\\project.test.ts:440:20)\n    at processTicksAndRejections (node:internal/process/task_queues:103:5)"],"fullName":"Project & Workflow Tests Template Instantiation should force delete selected non-empty episodes after explicit confirmation","invocations":1,"location":null,"numPassingAsserts":2,"retryReasons":[],"status":"failed","title":"should force delete selected non-empty episodes after explicit confirmation"},{"ancestorTitles":["Project & Workflow Tests","Template Instantiation"],"duration":115,"failureDetails":[{}],"failureMessages":["TypeError: Cannot read properties of null (reading 'product_config')\n    at Object.<anonymous> (C:\\Users\\lty00\\Downloads\\subtitle-group-pipeline\\backend\\src\\tests\\project.test.ts:487:42)"],"fullName":"Project & Workflow Tests Template Instantiation should inherit product config from template","invocations":1,"location":null,"numPassingAsserts":2,"retryReasons":[],"status":"failed","title":"should inherit product config from template"},{"ancestorTitles":["Project & Workflow Tests","Template Instantiation"],"duration":477,"failureDetails":[],"failureMessages":[],"fullName":"Project & Workflow Tests Template Instantiation should require an active storage backend when creating from a template","invocations":1,"location":null,"numPassingAsserts":6,"retryReasons":[],"status":"passed","title":"should require an active storage backend when creating from a template"},{"ancestorTitles":["Project & Workflow Tests","Template Instantiation"],"duration":145,"failureDetails":[{"matcherResult":{"actual":404,"expected":201,"message":"expect(received).toBe(expected) // Object.is equality\n\nExpected: 201\nReceived: 404","name":"toBe","pass":false}}],"failureMessages":["Error: expect(received).toBe(expected) // Object.is equality\n\nExpected: 201\nReceived: 404\n    at expectSuccess (C:\\Users\\lty00\\Downloads\\subtitle-group-pipeline\\backend\\src\\tests\\helpers.ts:148:27)\n    at Object.<anonymous> (C:\\Users\\lty00\\Downloads\\subtitle-group-pipeline\\backend\\src\\tests\\project.test.ts:558:20)\n    at processTicksAndRejections (node:internal/process/task_queues:103:5)"],"fullName":"Project & Workflow Tests Template Instantiation should snapshot template defaults so later template edits do not affect the project","invocations":1,"location":null,"numPassingAsserts":0,"retryReasons":[],"status":"failed","title":"should snapshot template defaults so later template edits do not affect the project"},{"ancestorTitles":["Project & Workflow Tests","Template Instantiation"],"duration":106,"failureDetails":[],"failureMessages":[],"fullName":"Project & Workflow Tests Template Instantiation should normalize empty template upload policy snapshots to default role rules","invocations":1,"location":null,"numPassingAsserts":6,"retryReasons":[],"status":"passed","title":"should normalize empty template upload policy snapshots to default role rules"},{"ancestorTitles":["Project & Workflow Tests","Template Instantiation"],"duration":213,"failureDetails":[],"failureMessages":[],"fullName":"Project & Workflow Tests Template Instantiation should snapshot template roles without creating default tasks","invocations":1,"location":null,"numPassingAsserts":4,"retryReasons":[],"status":"passed","title":"should snapshot template roles without creating default tasks"},{"ancestorTitles":["Project & Workflow Tests","Template Instantiation"],"duration":293,"failureDetails":[{"matcherResult":{"actual":400,"expected":201,"message":"expect(received).toBe(expected) // Object.is equality\n\nExpected: 201\nReceived: 400","name":"toBe","pass":false}}],"failureMessages":["Error: expect(received).toBe(expected) // Object.is equality\n\nExpected: 201\nReceived: 400\n    at expectSuccess (C:\\Users\\lty00\\Downloads\\subtitle-group-pipeline\\backend\\src\\tests\\helpers.ts:148:27)\n    at Object.<anonymous> (C:\\Users\\lty00\\Downloads\\subtitle-group-pipeline\\backend\\src\\tests\\project.test.ts:679:20)\n    at processTicksAndRejections (node:internal/process/task_queues:103:5)"],"fullName":"Project & Workflow Tests Template Instantiation should not create task dependencies before supervisors create tasks","invocations":1,"location":null,"numPassingAsserts":0,"retryReasons":[],"status":"failed","title":"should not create task dependencies before supervisors create tasks"},{"ancestorTitles":["Project & Workflow Tests","Join Approval Flow"],"duration":109,"failureDetails":[{"matcherResult":{"actual":400,"expected":201,"message":"expect(received).toBe(expected) // Object.is equality\n\nExpected: 201\nReceived: 400","name":"toBe","pass":false}}],"failureMessages":["Error: expect(received).toBe(expected) // Object.is equality\n\nExpected: 201\nReceived: 400\n    at expectSuccess (C:\\Users\\lty00\\Downloads\\subtitle-group-pipeline\\backend\\src\\tests\\helpers.ts:148:27)\n    at Object.<anonymous> (C:\\Users\\lty00\\Downloads\\subtitle-group-pipeline\\backend\\src\\tests\\project.test.ts:705:20)\n    at processTicksAndRejections (node:internal/process/task_queues:103:5)"],"fullName":"Project & Workflow Tests Join Approval Flow should create join request and approve it","invocations":1,"location":null,"numPassingAsserts":0,"retryReasons":[],"status":"failed","title":"should create join request and approve it"},{"ancestorTitles":["Project & Workflow Tests","Join Approval Flow"],"duration":199,"failureDetails":[{}],"failureMessages":["TypeError: Cannot read properties of undefined (reading 'id')\n    at Object.<anonymous> (C:\\Users\\lty00\\Downloads\\subtitle-group-pipeline\\backend\\src\\tests\\project.test.ts:747:78)\n    at processTicksAndRejections (node:internal/process/task_queues:103:5)"],"fullName":"Project & Workflow Tests Join Approval Flow should reject join request","invocations":1,"location":null,"numPassingAsserts":0,"retryReasons":[],"status":"failed","title":"should reject join request"},{"ancestorTitles":["Project & Workflow Tests","Join Approval Flow"],"duration":105,"failureDetails":[{"matcherResult":{"actual":401,"expected":409,"message":"expect(received).toBe(expected) // Object.is equality\n\nExpected: 409\nReceived: 401","name":"toBe","pass":false}}],"failureMessages":["Error: expect(received).toBe(expected) // Object.is equality\n\nExpected: 409\nReceived: 401\n    at expectError (C:\\Users\\lty00\\Downloads\\subtitle-group-pipeline\\backend\\src\\tests\\helpers.ts:153:27)\n    at Object.<anonymous> (C:\\Users\\lty00\\Downloads\\subtitle-group-pipeline\\backend\\src\\tests\\project.test.ts:786:18)\n    at processTicksAndRejections (node:internal/process/task_queues:103:5)"],"fullName":"Project & Workflow Tests Join Approval Flow should prevent duplicate join requests","invocations":1,"location":null,"numPassingAsserts":0,"retryReasons":[],"status":"failed","title":"should prevent duplicate join requests"},{"ancestorTitles":["Project & Workflow Tests","Join Approval Flow"],"duration":41,"failureDetails":[],"failureMessages":[],"fullName":"Project & Workflow Tests Join Approval Flow should prevent joining if already a member","invocations":1,"location":null,"numPassingAsserts":3,"retryReasons":[],"status":"passed","title":"should prevent joining if already a member"},{"ancestorTitles":["Project & Workflow Tests","Competitive Translation Segment Claiming"],"duration":155,"failureDetails":[{"matcherResult":{"actual":403,"expected":201,"message":"expect(received).toBe(expected) // Object.is equality\n\nExpected: 201\nReceived: 403","name":"toBe","pass":false}}],"failureMessages":["Error: expect(received).toBe(expected) // Object.is equality\n\nExpected: 201\nReceived: 403\n    at expectSuccess (C:\\Users\\lty00\\Downloads\\subtitle-group-pipeline\\backend\\src\\tests\\helpers.ts:148:27)\n    at Object.<anonymous> (C:\\Users\\lty00\\Downloads\\subtitle-group-pipeline\\backend\\src\\tests\\project.test.ts:839:20)\n    at processTicksAndRejections (node:internal/process/task_queues:103:5)"],"fullName":"Project & Workflow Tests Competitive Translation Segment Claiming should allow claiming non-overlapping segments","invocations":1,"location":null,"numPassingAsserts":0,"retryReasons":[],"status":"failed","title":"should allow claiming non-overlapping segments"},{"ancestorTitles":["Project & Workflow Tests","Competitive Translation Segment Claiming"],"duration":126,"failureDetails":[],"failureMessages":[],"fullName":"Project & Workflow Tests Competitive Translation Segment Claiming should reject whole-task claiming for translation tasks","invocations":1,"location":null,"numPassingAsserts":3,"retryReasons":[],"status":"passed","title":"should reject whole-task claiming for translation tasks"},{"ancestorTitles":["Project & Workflow Tests","Competitive Translation Segment Claiming"],"duration":190,"failureDetails":[{"matcherResult":{"actual":403,"expected":409,"message":"expect(received).toBe(expected) // Object.is equality\n\nExpected: 409\nReceived: 403","name":"toBe","pass":false}}],"failureMessages":["Error: expect(received).toBe(expected) // Object.is equality\n\nExpected: 409\nReceived: 403\n    at expectError (C:\\Users\\lty00\\Downloads\\subtitle-group-pipeline\\backend\\src\\tests\\helpers.ts:153:27)\n    at Object.<anonymous> (C:\\Users\\lty00\\Downloads\\subtitle-group-pipeline\\backend\\src\\tests\\project.test.ts:911:18)\n    at processTicksAndRejections (node:internal/process/task_queues:103:5)"],"fullName":"Project & Workflow Tests Competitive Translation Segment Claiming should reject overlapping segment claims","invocations":1,"location":null,"numPassingAsserts":0,"retryReasons":[],"status":"failed","title":"should reject overlapping segment claims"},{"ancestorTitles":["Project & Workflow Tests","Competitive Translation Segment Claiming"],"duration":118,"failureDetails":[{"matcherResult":{"actual":403,"expected":201,"message":"expect(received).toBe(expected) // Object.is equality\n\nExpected: 201\nReceived: 403","name":"toBe","pass":false}}],"failureMessages":["Error: expect(received).toBe(expected) // Object.is equality\n\nExpected: 201\nReceived: 403\n    at expectSuccess (C:\\Users\\lty00\\Downloads\\subtitle-group-pipeline\\backend\\src\\tests\\helpers.ts:148:27)\n    at Object.<anonymous> (C:\\Users\\lty00\\Downloads\\subtitle-group-pipeline\\backend\\src\\tests\\project.test.ts:950:20)\n    at processTicksAndRejections (node:internal/process/task_queues:103:5)"],"fullName":"Project & Workflow Tests Competitive Translation Segment Claiming should share claimed segments across translation tasks in the same unit","invocations":1,"location":null,"numPassingAsserts":0,"retryReasons":[],"status":"failed","title":"should share claimed segments across translation tasks in the same unit"},{"ancestorTitles":["Project & Workflow Tests","Competitive Translation Segment Claiming"],"duration":212,"failureDetails":[{"matcherResult":{"actual":403,"expected":201,"message":"expect(received).toBe(expected) // Object.is equality\n\nExpected: 201\nReceived: 403","name":"toBe","pass":false}}],"failureMessages":["Error: expect(received).toBe(expected) // Object.is equality\n\nExpected: 201\nReceived: 403\n    at expectSuccess (C:\\Users\\lty00\\Downloads\\subtitle-group-pipeline\\backend\\src\\tests\\helpers.ts:148:27)\n    at Object.<anonymous> (C:\\Users\\lty00\\Downloads\\subtitle-group-pipeline\\backend\\src\\tests\\project.test.ts:1023:22)\n    at processTicksAndRejections (node:internal/process/task_queues:103:5)"],"fullName":"Project & Workflow Tests Competitive Translation Segment Claiming should enforce per-user maximum claimed translation duration","invocations":1,"location":null,"numPassingAsserts":0,"retryReasons":[],"status":"failed","title":"should enforce per-user maximum claimed translation duration"},{"ancestorTitles":["Project & Workflow Tests","Competitive Translation Segment Claiming"],"duration":143,"failureDetails":[{"matcherResult":{"actual":400,"expected":200,"message":"expect(received).toBe(expected) // Object.is equality\n\nExpected: 200\nReceived: 400","name":"toBe","pass":false}}],"failureMessages":["Error: expect(received).toBe(expected) // Object.is equality\n\nExpected: 200\nReceived: 400\n    at expectSuccess (C:\\Users\\lty00\\Downloads\\subtitle-group-pipeline\\backend\\src\\tests\\helpers.ts:148:27)\n    at Object.<anonymous> (C:\\Users\\lty00\\Downloads\\subtitle-group-pipeline\\backend\\src\\tests\\project.test.ts:1057:20)\n    at processTicksAndRejections (node:internal/process/task_queues:103:5)"],"fullName":"Project & Workflow Tests Competitive Translation Segment Claiming should allow project supervisors to override translation claim duration in project settings","invocations":1,"location":null,"numPassingAsserts":0,"retryReasons":[],"status":"failed","title":"should allow project supervisors to override translation claim duration in project settings"},{"ancestorTitles":["Project & Workflow Tests","Competitive Translation Segment Claiming"],"duration":143,"failureDetails":[{"matcherResult":{"actual":403,"expected":400,"message":"expect(received).toBe(expected) // Object.is equality\n\nExpected: 400\nReceived: 403","name":"toBe","pass":false}}],"failureMessages":["Error: expect(received).toBe(expected) // Object.is equality\n\nExpected: 400\nReceived: 403\n    at expectError (C:\\Users\\lty00\\Downloads\\subtitle-group-pipeline\\backend\\src\\tests\\helpers.ts:153:27)\n    at Object.<anonymous> (C:\\Users\\lty00\\Downloads\\subtitle-group-pipeline\\backend\\src\\tests\\project.test.ts:1117:18)\n    at processTicksAndRejections (node:internal/process/task_queues:103:5)"],"fullName":"Project & Workflow Tests Competitive Translation Segment Claiming should validate segment within episode length","invocations":1,"location":null,"numPassingAsserts":0,"retryReasons":[],"status":"failed","title":"should validate segment within episode length"},{"ancestorTitles":["Project & Workflow Tests","Competitive Translation Segment Claiming"],"duration":127,"failureDetails":[{"matcherResult":{"actual":403,"expected":201,"message":"expect(received).toBe(expected) // Object.is equality\n\nExpected: 201\nReceived: 403","name":"toBe","pass":false}}],"failureMessages":["Error: expect(received).toBe(expected) // Object.is equality\n\nExpected: 201\nReceived: 403\n    at expectSuccess (C:\\Users\\lty00\\Downloads\\subtitle-group-pipeline\\backend\\src\\tests\\helpers.ts:148:27)\n    at Object.<anonymous> (C:\\Users\\lty00\\Downloads\\subtitle-group-pipeline\\backend\\src\\tests\\project.test.ts:1144:20)\n    at processTicksAndRejections (node:internal/process/task_queues:103:5)"],"fullName":"Project & Workflow Tests Competitive Translation Segment Claiming should allow adjacent segments, lock when fully claimed, and unlock after abandon","invocations":1,"location":null,"numPassingAsserts":0,"retryReasons":[],"status":"failed","title":"should allow adjacent segments, lock when fully claimed, and unlock after abandon"},{"ancestorTitles":["Project & Workflow Tests","Competitive Translation Segment Claiming"],"duration":107,"failureDetails":[{"matcherResult":{"actual":403,"expected":400,"message":"expect(received).toBe(expected) // Object.is equality\n\nExpected: 400\nReceived: 403","name":"toBe","pass":false}}],"failureMessages":["Error: expect(received).toBe(expected) // Object.is equality\n\nExpected: 400\nReceived: 403\n    at expectError (C:\\Users\\lty00\\Downloads\\subtitle-group-pipeline\\backend\\src\\tests\\helpers.ts:153:27)\n    at Object.<anonymous> (C:\\Users\\lty00\\Downloads\\subtitle-group-pipeline\\backend\\src\\tests\\project.test.ts:1230:18)\n    at processTicksAndRejections (node:internal/process/task_queues:103:5)"],"fullName":"Project & Workflow Tests Competitive Translation Segment Claiming should enforce project max segment length and granted translation tags","invocations":1,"location":null,"numPassingAsserts":3,"retryReasons":[],"status":"failed","title":"should enforce project max segment length and granted translation tags"},{"ancestorTitles":["Project & Workflow Tests","Task Cancellation and Downstream Freezing"],"duration":168,"failureDetails":[],"failureMessages":[],"fullName":"Project & Workflow Tests Task Cancellation and Downstream Freezing should freeze unstarted downstream tasks on cancellation","invocations":1,"location":null,"numPassingAsserts":6,"retryReasons":[],"status":"passed","title":"should freeze unstarted downstream tasks on cancellation"},{"ancestorTitles":["Project & Workflow Tests","Task Cancellation and Downstream Freezing"],"duration":212,"failureDetails":[{"matcherResult":{"actual":400,"expected":200,"message":"expect(received).toBe(expected) // Object.is equality\n\nExpected: 200\nReceived: 400","name":"toBe","pass":false}}],"failureMessages":["Error: expect(received).toBe(expected) // Object.is equality\n\nExpected: 200\nReceived: 400\n    at expectSuccess (C:\\Users\\lty00\\Downloads\\subtitle-group-pipeline\\backend\\src\\tests\\helpers.ts:148:27)\n    at Object.<anonymous> (C:\\Users\\lty00\\Downloads\\subtitle-group-pipeline\\backend\\src\\tests\\project.test.ts:1348:20)\n    at processTicksAndRejections (node:internal/process/task_queues:103:5)"],"fullName":"Project & Workflow Tests Task Cancellation and Downstream Freezing should warn for in-progress downstream tasks","invocations":1,"location":null,"numPassingAsserts":0,"retryReasons":[],"status":"failed","title":"should warn for in-progress downstream tasks"},{"ancestorTitles":["Project & Workflow Tests","Task Deletion"],"duration":110,"failureDetails":[{"matcherResult":{"actual":404,"expected":200,"message":"expect(received).toBe(expected) // Object.is equality\n\nExpected: 200\nReceived: 404","name":"toBe","pass":false}}],"failureMessages":["Error: expect(received).toBe(expected) // Object.is equality\n\nExpected: 200\nReceived: 404\n    at expectSuccess (C:\\Users\\lty00\\Downloads\\subtitle-group-pipeline\\backend\\src\\tests\\helpers.ts:148:27)\n    at Object.<anonymous> (C:\\Users\\lty00\\Downloads\\subtitle-group-pipeline\\backend\\src\\tests\\project.test.ts:1396:20)\n    at processTicksAndRejections (node:internal/process/task_queues:103:5)"],"fullName":"Project & Workflow Tests Task Deletion should delete an empty task, clear task notifications, and unlock downstream tasks","invocations":1,"location":null,"numPassingAsserts":0,"retryReasons":[],"status":"failed","title":"should delete an empty task, clear task notifications, and unlock downstream tasks"},{"ancestorTitles":["Project & Workflow Tests","Task Deletion"],"duration":230,"failureDetails":[],"failureMessages":[],"fullName":"Project & Workflow Tests Task Deletion should not unlock downstream tasks when the deleted task was the configured predecessor stage","invocations":1,"location":null,"numPassingAsserts":4,"retryReasons":[],"status":"passed","title":"should not unlock downstream tasks when the deleted task was the configured predecessor stage"},{"ancestorTitles":["Project & Workflow Tests","Task Deletion"],"duration":81,"failureDetails":[{"code":"P2003","meta":{"modelName":"Task","constraint":null},"clientVersion":"6.19.3","name":"PrismaClientKnownRequestError"}],"failureMessages":["PrismaClientKnownRequestError: \nInvalid `prisma.task.create()` invocation in\nC:\\Users\\lty00\\Downloads\\subtitle-group-pipeline\\backend\\src\\tests\\setup.ts:229:34\n\n  226 \n  227 export async function createTestTask(data: TestTaskData) {\n  228   const suffix = Math.random().toString(36).substring(2, 10);\n→ 229   const task = await prisma.task.create(\nForeign key constraint violated on the foreign key\n    at ei.handleRequestError (C:\\Users\\lty00\\Downloads\\subtitle-group-pipeline\\backend\\node_modules\\@prisma\\client\\src\\runtime\\RequestHandler.ts:228:13)\n    at ei.handleAndLogRequestError (C:\\Users\\lty00\\Downloads\\subtitle-group-pipeline\\backend\\node_modules\\@prisma\\client\\src\\runtime\\RequestHandler.ts:174:12)\n    at ei.request (C:\\Users\\lty00\\Downloads\\subtitle-group-pipeline\\backend\\node_modules\\@prisma\\client\\src\\runtime\\RequestHandler.ts:143:12)\n    at a (C:\\Users\\lty00\\Downloads\\subtitle-group-pipeline\\backend\\node_modules\\@prisma\\client\\src\\runtime\\getPrismaClient.ts:833:24)\n    at createTestTask (C:\\Users\\lty00\\Downloads\\subtitle-group-pipeline\\backend\\src\\tests\\setup.ts:229:16)\n    at Object.<anonymous> (C:\\Users\\lty00\\Downloads\\subtitle-group-pipeline\\backend\\src\\tests\\project.test.ts:1460:24)"],"fullName":"Project & Workflow Tests Task Deletion should allow supervisors to delete active tasks and reset downstream tasks","invocations":1,"location":null,"numPassingAsserts":0,"retryReasons":[],"status":"failed","title":"should allow supervisors to delete active tasks and reset downstream tasks"},{"ancestorTitles":["Project & Workflow Tests","Task Deletion"],"duration":70,"failureDetails":[],"failureMessages":[],"fullName":"Project & Workflow Tests Task Deletion should prevent non-supervisors from deleting project tasks","invocations":1,"location":null,"numPassingAsserts":4,"retryReasons":[],"status":"passed","title":"should prevent non-supervisors from deleting project tasks"},{"ancestorTitles":["Project & Workflow Tests","Active Task Return"],"duration":311,"failureDetails":[{"code":"P2003","meta":{"modelName":"Project","constraint":null},"clientVersion":"6.19.3","name":"PrismaClientKnownRequestError"}],"failureMessages":["PrismaClientKnownRequestError: \nInvalid `prisma.project.create()` invocation in\nC:\\Users\\lty00\\Downloads\\subtitle-group-pipeline\\backend\\src\\tests\\setup.ts:120:40\n\n  117 \n  118 export async function createTestProject(data: TestProjectData) {\n  119   const suffix = Math.random().toString(36).substring(2, 10);\n→ 120   const project = await prisma.project.create(\nForeign key constraint violated on the foreign key\n    at ei.handleRequestError (C:\\Users\\lty00\\Downloads\\subtitle-group-pipeline\\backend\\node_modules\\@prisma\\client\\src\\runtime\\RequestHandler.ts:228:13)\n    at ei.handleAndLogRequestError (C:\\Users\\lty00\\Downloads\\subtitle-group-pipeline\\backend\\node_modules\\@prisma\\client\\src\\runtime\\RequestHandler.ts:174:12)\n    at ei.request (C:\\Users\\lty00\\Downloads\\subtitle-group-pipeline\\backend\\node_modules\\@prisma\\client\\src\\runtime\\RequestHandler.ts:143:12)\n    at a (C:\\Users\\lty00\\Downloads\\subtitle-group-pipeline\\backend\\node_modules\\@prisma\\client\\src\\runtime\\getPrismaClient.ts:833:24)\n    at createTestProject (C:\\Users\\lty00\\Downloads\\subtitle-group-pipeline\\backend\\src\\tests\\setup.ts:120:19)\n    at Object.<anonymous> (C:\\Users\\lty00\\Downloads\\subtitle-group-pipeline\\backend\\src\\tests\\project.test.ts:1552:23)"],"fullName":"Project & Workflow Tests Active Task Return should allow assignee to return an assigned task","invocations":1,"location":null,"numPassingAsserts":0,"retryReasons":[],"status":"failed","title":"should allow assignee to return an assigned task"},{"ancestorTitles":["Project & Workflow Tests","Active Task Return"],"duration":285,"failureDetails":[],"failureMessages":[],"fullName":"Project & Workflow Tests Active Task Return should prevent non-assignee from returning a task","invocations":1,"location":null,"numPassingAsserts":3,"retryReasons":[],"status":"passed","title":"should prevent non-assignee from returning a task"},{"ancestorTitles":["Project & Workflow Tests","Active Task Return"],"duration":241,"failureDetails":[{"matcherResult":{"actual":400,"expected":200,"message":"expect(received).toBe(expected) // Object.is equality\n\nExpected: 200\nReceived: 400","name":"toBe","pass":false}}],"failureMessages":["Error: expect(received).toBe(expected) // Object.is equality\n\nExpected: 200\nReceived: 400\n    at expectSuccess (C:\\Users\\lty00\\Downloads\\subtitle-group-pipeline\\backend\\src\\tests\\helpers.ts:148:27)\n    at Object.<anonymous> (C:\\Users\\lty00\\Downloads\\subtitle-group-pipeline\\backend\\src\\tests\\project.test.ts:1643:20)\n    at processTicksAndRejections (node:internal/process/task_queues:103:5)"],"fullName":"Project & Workflow Tests Active Task Return should allow supervisors to force return in-progress tasks and cascade downstream reset","invocations":1,"location":null,"numPassingAsserts":0,"retryReasons":[],"status":"failed","title":"should allow supervisors to force return in-progress tasks and cascade downstream reset"},{"ancestorTitles":["Project & Workflow Tests","Dependency Gating"],"duration":183,"failureDetails":[{"matcherResult":{"actual":404,"expected":200,"message":"expect(received).toBe(expected) // Object.is equality\n\nExpected: 200\nReceived: 404","name":"toBe","pass":false}}],"failureMessages":["Error: expect(received).toBe(expected) // Object.is equality\n\nExpected: 200\nReceived: 404\n    at expectSuccess (C:\\Users\\lty00\\Downloads\\subtitle-group-pipeline\\backend\\src\\tests\\helpers.ts:148:27)\n    at Object.<anonymous> (C:\\Users\\lty00\\Downloads\\subtitle-group-pipeline\\backend\\src\\tests\\project.test.ts:1719:20)\n    at processTicksAndRejections (node:internal/process/task_queues:103:5)"],"fullName":"Project & Workflow Tests Dependency Gating should keep newly preassigned downstream tasks blocked until dependencies complete","invocations":1,"location":null,"numPassingAsserts":11,"retryReasons":[],"status":"failed","title":"should keep newly preassigned downstream tasks blocked until dependencies complete"},{"ancestorTitles":["Project & Workflow Tests","Dependency Gating"],"duration":545,"failureDetails":[{"matcherResult":{"actual":400,"expected":200,"message":"expect(received).toBe(expected) // Object.is equality\n\nExpected: 200\nReceived: 400","name":"toBe","pass":false}}],"failureMessages":["Error: expect(received).toBe(expected) // Object.is equality\n\nExpected: 200\nReceived: 400\n    at expectSuccess (C:\\Users\\lty00\\Downloads\\subtitle-group-pipeline\\backend\\src\\tests\\helpers.ts:148:27)\n    at Object.<anonymous> (C:\\Users\\lty00\\Downloads\\subtitle-group-pipeline\\backend\\src\\tests\\project.test.ts:1769:20)\n    at processTicksAndRejections (node:internal/process/task_queues:103:5)"],"fullName":"Project & Workflow Tests Dependency Gating should allow preassigning a blocked pending task without forcing a dependency override","invocations":1,"location":null,"numPassingAsserts":0,"retryReasons":[],"status":"failed","title":"should allow preassigning a blocked pending task without forcing a dependency override"},{"ancestorTitles":["Project & Workflow Tests","Dependency Gating"],"duration":239,"failureDetails":[],"failureMessages":[],"fullName":"Project & Workflow Tests Dependency Gating should keep configured downstream tasks blocked when the predecessor stage has no tasks","invocations":1,"location":null,"numPassingAsserts":6,"retryReasons":[],"status":"passed","title":"should keep configured downstream tasks blocked when the predecessor stage has no tasks"},{"ancestorTitles":["Project & Workflow Tests","Dependency Gating"],"duration":132,"failureDetails":[{"matcherResult":{"actual":400,"expected":201,"message":"expect(received).toBe(expected) // Object.is equality\n\nExpected: 201\nReceived: 400","name":"toBe","pass":false}}],"failureMessages":["Error: expect(received).toBe(expected) // Object.is equality\n\nExpected: 201\nReceived: 400\n    at expectSuccess (C:\\Users\\lty00\\Downloads\\subtitle-group-pipeline\\backend\\src\\tests\\helpers.ts:148:27)\n    at Object.<anonymous> (C:\\Users\\lty00\\Downloads\\subtitle-group-pipeline\\backend\\src\\tests\\project.test.ts:1846:20)\n    at processTicksAndRejections (node:internal/process/task_queues:103:5)"],"fullName":"Project & Workflow Tests Dependency Gating should make the first configured source task claimable without a predecessor","invocations":1,"location":null,"numPassingAsserts":0,"retryReasons":[],"status":"failed","title":"should make the first configured source task claimable without a predecessor"},{"ancestorTitles":["Project & Workflow Tests","Dependency Gating"],"duration":123,"failureDetails":[],"failureMessages":[],"fullName":"Project & Workflow Tests Dependency Gating should prevent claiming task when dependencies not met","invocations":1,"location":null,"numPassingAsserts":3,"retryReasons":[],"status":"passed","title":"should prevent claiming task when dependencies not met"},{"ancestorTitles":["Project & Workflow Tests","Dependency Gating"],"duration":138,"failureDetails":[{"code":"P2003","meta":{"modelName":"TaskDependency","constraint":null},"clientVersion":"6.19.3","name":"PrismaClientKnownRequestError"}],"failureMessages":["PrismaClientKnownRequestError: \nInvalid `prisma.taskDependency.create()` invocation in\nC:\\Users\\lty00\\Downloads\\subtitle-group-pipeline\\backend\\src\\tests\\project.test.ts:1920:35\n\n  1917   creator_id: owner.id,\n  1918 });\n  1919 \n→ 1920 await prisma.taskDependency.create(\nForeign key constraint violated on the foreign key\n    at ei.handleRequestError (C:\\Users\\lty00\\Downloads\\subtitle-group-pipeline\\backend\\node_modules\\@prisma\\client\\src\\runtime\\RequestHandler.ts:228:13)\n    at ei.handleAndLogRequestError (C:\\Users\\lty00\\Downloads\\subtitle-group-pipeline\\backend\\node_modules\\@prisma\\client\\src\\runtime\\RequestHandler.ts:174:12)\n    at ei.request (C:\\Users\\lty00\\Downloads\\subtitle-group-pipeline\\backend\\node_modules\\@prisma\\client\\src\\runtime\\RequestHandler.ts:143:12)\n    at a (C:\\Users\\lty00\\Downloads\\subtitle-group-pipeline\\backend\\node_modules\\@prisma\\client\\src\\runtime\\getPrismaClient.ts:833:24)\n    at Object.<anonymous> (C:\\Users\\lty00\\Downloads\\subtitle-group-pipeline\\backend\\src\\tests\\project.test.ts:1920:7)"],"fullName":"Project & Workflow Tests Dependency Gating should allow claiming when dependencies are completed","invocations":1,"location":null,"numPassingAsserts":0,"retryReasons":[],"status":"failed","title":"should allow claiming when dependencies are completed"},{"ancestorTitles":["Project & Workflow Tests","Dependency Gating"],"duration":202,"failureDetails":[{"matcherResult":{"actual":403,"expected":200,"message":"expect(received).toBe(expected) // Object.is equality\n\nExpected: 200\nReceived: 403","name":"toBe","pass":false}}],"failureMessages":["Error: expect(received).toBe(expected) // Object.is equality\n\nExpected: 200\nReceived: 403\n    at expectSuccess (C:\\Users\\lty00\\Downloads\\subtitle-group-pipeline\\backend\\src\\tests\\helpers.ts:148:27)\n    at Object.<anonymous> (C:\\Users\\lty00\\Downloads\\subtitle-group-pipeline\\backend\\src\\tests\\project.test.ts:1999:20)\n    at processTicksAndRejections (node:internal/process/task_queues:103:5)"],"fullName":"Project & Workflow Tests Dependency Gating should restrict open claim tasks to configured role tags","invocations":1,"location":null,"numPassingAsserts":3,"retryReasons":[],"status":"failed","title":"should restrict open claim tasks to configured role tags"},{"ancestorTitles":["Project & Workflow Tests","Pipeline Review Gates"],"duration":304,"failureDetails":[],"failureMessages":[],"fullName":"Project & Workflow Tests Pipeline Review Gates should require review for translation tasks before completion","invocations":1,"location":null,"numPassingAsserts":4,"retryReasons":[],"status":"passed","title":"should require review for translation tasks before completion"},{"ancestorTitles":["Project & Workflow Tests","Pipeline Review Gates"],"duration":122,"failureDetails":[{"code":"P2003","meta":{"modelName":"ProjectUnit","constraint":null},"clientVersion":"6.19.3","name":"PrismaClientKnownRequestError"}],"failureMessages":["PrismaClientKnownRequestError: \nInvalid `prisma.projectUnit.create()` invocation in\nC:\\Users\\lty00\\Downloads\\subtitle-group-pipeline\\backend\\src\\tests\\setup.ts:200:41\n\n  197 }\n  198 \n  199 export async function createTestUnit(data: TestUnitData) {\n→ 200   const unit = await prisma.projectUnit.create(\nForeign key constraint violated on the foreign key\n    at ei.handleRequestError (C:\\Users\\lty00\\Downloads\\subtitle-group-pipeline\\backend\\node_modules\\@prisma\\client\\src\\runtime\\RequestHandler.ts:228:13)\n    at ei.handleAndLogRequestError (C:\\Users\\lty00\\Downloads\\subtitle-group-pipeline\\backend\\node_modules\\@prisma\\client\\src\\runtime\\RequestHandler.ts:174:12)\n    at ei.request (C:\\Users\\lty00\\Downloads\\subtitle-group-pipeline\\backend\\node_modules\\@prisma\\client\\src\\runtime\\RequestHandler.ts:143:12)\n    at a (C:\\Users\\lty00\\Downloads\\subtitle-group-pipeline\\backend\\node_modules\\@prisma\\client\\src\\runtime\\getPrismaClient.ts:833:24)\n    at createTestUnit (C:\\Users\\lty00\\Downloads\\subtitle-group-pipeline\\backend\\src\\tests\\setup.ts:200:16)\n    at Object.<anonymous> (C:\\Users\\lty00\\Downloads\\subtitle-group-pipeline\\backend\\src\\tests\\project.test.ts:2044:20)"],"fullName":"Project & Workflow Tests Pipeline Review Gates should approve task and unlock downstream","invocations":1,"location":null,"numPassingAsserts":0,"retryReasons":[],"status":"failed","title":"should approve task and unlock downstream"},{"ancestorTitles":["Project & Workflow Tests","Pipeline Review Gates"],"duration":297,"failureDetails":[{"matcherResult":{"actual":404,"expected":200,"message":"expect(received).toBe(expected) // Object.is equality\n\nExpected: 200\nReceived: 404","name":"toBe","pass":false}}],"failureMessages":["Error: expect(received).toBe(expected) // Object.is equality\n\nExpected: 200\nReceived: 404\n    at expectSuccess (C:\\Users\\lty00\\Downloads\\subtitle-group-pipeline\\backend\\src\\tests\\helpers.ts:148:27)\n    at Object.<anonymous> (C:\\Users\\lty00\\Downloads\\subtitle-group-pipeline\\backend\\src\\tests\\project.test.ts:2165:20)\n    at processTicksAndRejections (node:internal/process/task_queues:103:5)"],"fullName":"Project & Workflow Tests Pipeline Review Gates should complete all translation tasks and unlock post-production when all translation work is approved","invocations":1,"location":null,"numPassingAsserts":0,"retryReasons":[],"status":"failed","title":"should complete all translation tasks and unlock post-production when all translation work is approved"},{"ancestorTitles":["Project & Workflow Tests","Pipeline Review Gates"],"duration":80,"failureDetails":[],"failureMessages":[],"fullName":"Project & Workflow Tests Pipeline Review Gates should complete source and timing submissions without review and unlock downstream","invocations":1,"location":null,"numPassingAsserts":6,"retryReasons":[],"status":"passed","title":"should complete source and timing submissions without review and unlock downstream"},{"ancestorTitles":["Project & Workflow Tests","Pipeline Review Gates"],"duration":255,"failureDetails":[],"failureMessages":[],"fullName":"Project & Workflow Tests Pipeline Review Gates should keep translation submissions waiting for supervisor approval","invocations":1,"location":null,"numPassingAsserts":4,"retryReasons":[],"status":"passed","title":"should keep translation submissions waiting for supervisor approval"},{"ancestorTitles":["Project & Workflow Tests","Pipeline Review Gates"],"duration":223,"failureDetails":[],"failureMessages":[],"fullName":"Project & Workflow Tests Pipeline Review Gates should keep post_production submissions waiting for supervisor approval","invocations":1,"location":null,"numPassingAsserts":4,"retryReasons":[],"status":"passed","title":"should keep post_production submissions waiting for supervisor approval"},{"ancestorTitles":["Project & Workflow Tests","Pipeline Review Gates"],"duration":191,"failureDetails":[{"matcherResult":{"actual":400,"expected":200,"message":"expect(received).toBe(expected) // Object.is equality\n\nExpected: 200\nReceived: 400","name":"toBe","pass":false}}],"failureMessages":["Error: expect(received).toBe(expected) // Object.is equality\n\nExpected: 200\nReceived: 400\n    at expectSuccess (C:\\Users\\lty00\\Downloads\\subtitle-group-pipeline\\backend\\src\\tests\\helpers.ts:148:27)\n    at C:\\Users\\lty00\\Downloads\\subtitle-group-pipeline\\backend\\src\\tests\\project.test.ts:2254:22\n    at processTicksAndRejections (node:internal/process/task_queues:103:5)"],"fullName":"Project & Workflow Tests Pipeline Review Gates should keep encoding submissions waiting for supervisor approval","invocations":1,"location":null,"numPassingAsserts":0,"retryReasons":[],"status":"failed","title":"should keep encoding submissions waiting for supervisor approval"},{"ancestorTitles":["Project & Workflow Tests","Pipeline Review Gates"],"duration":248,"failureDetails":[{"matcherResult":{"actual":404,"expected":200,"message":"expect(received).toBe(expected) // Object.is equality\n\nExpected: 200\nReceived: 404","name":"toBe","pass":false}}],"failureMessages":["Error: expect(received).toBe(expected) // Object.is equality\n\nExpected: 200\nReceived: 404\n    at expectSuccess (C:\\Users\\lty00\\Downloads\\subtitle-group-pipeline\\backend\\src\\tests\\helpers.ts:148:27)\n    at C:\\Users\\lty00\\Downloads\\subtitle-group-pipeline\\backend\\src\\tests\\project.test.ts:2254:22\n    at processTicksAndRejections (node:internal/process/task_queues:103:5)"],"fullName":"Project & Workflow Tests Pipeline Review Gates should keep release submissions waiting for supervisor approval","invocations":1,"location":null,"numPassingAsserts":0,"retryReasons":[],"status":"failed","title":"should keep release submissions waiting for supervisor approval"},{"ancestorTitles":["Project & Workflow Tests","Pipeline Review Gates"],"duration":127,"failureDetails":[],"failureMessages":[],"fullName":"Project & Workflow Tests Pipeline Review Gates should prevent assignees from approving or rejecting their own submitted tasks","invocations":1,"location":null,"numPassingAsserts":8,"retryReasons":[],"status":"passed","title":"should prevent assignees from approving or rejecting their own submitted tasks"},{"ancestorTitles":["Project & Workflow Tests","Supervisory Overrides"],"duration":129,"failureDetails":[],"failureMessages":[],"fullName":"Project & Workflow Tests Supervisory Overrides should allow supervisor to assign task regardless of dependencies","invocations":1,"location":null,"numPassingAsserts":3,"retryReasons":[],"status":"passed","title":"should allow supervisor to assign task regardless of dependencies"},{"ancestorTitles":["Project & Workflow Tests","Supervisory Overrides"],"duration":102,"failureDetails":[],"failureMessages":[],"fullName":"Project & Workflow Tests Supervisory Overrides should require an override reason when supervisor assigns before dependencies are met","invocations":1,"location":null,"numPassingAsserts":3,"retryReasons":[],"status":"passed","title":"should require an override reason when supervisor assigns before dependencies are met"},{"ancestorTitles":["Project & Workflow Tests","Supervisory Overrides"],"duration":130,"failureDetails":[],"failureMessages":[],"fullName":"Project & Workflow Tests Supervisory Overrides should audit supervisor dependency override assignments with a reason","invocations":1,"location":null,"numPassingAsserts":4,"retryReasons":[],"status":"passed","title":"should audit supervisor dependency override assignments with a reason"},{"ancestorTitles":["Project & Workflow Tests","Downstream Cascade Reset on Task Modification"],"duration":206,"failureDetails":[{"matcherResult":{"actual":404,"expected":200,"message":"expect(received).toBe(expected) // Object.is equality\n\nExpected: 200\nReceived: 404","name":"toBe","pass":false}}],"failureMessages":["Error: expect(received).toBe(expected) // Object.is equality\n\nExpected: 200\nReceived: 404\n    at expectSuccess (C:\\Users\\lty00\\Downloads\\subtitle-group-pipeline\\backend\\src\\tests\\helpers.ts:148:27)\n    at Object.<anonymous> (C:\\Users\\lty00\\Downloads\\subtitle-group-pipeline\\backend\\src\\tests\\project.test.ts:2496:20)\n    at processTicksAndRejections (node:internal/process/task_queues:103:5)"],"fullName":"Project & Workflow Tests Downstream Cascade Reset on Task Modification should reset downstream completed tasks when upstream is modified","invocations":1,"location":null,"numPassingAsserts":0,"retryReasons":[],"status":"failed","title":"should reset downstream completed tasks when upstream is modified"},{"ancestorTitles":["Project & Workflow Tests","Downstream Cascade Reset on Task Modification"],"duration":223,"failureDetails":[],"failureMessages":[],"fullName":"Project & Workflow Tests Downstream Cascade Reset on Task Modification should cascade reset downstream tasks when an upstream task is manually reset","invocations":1,"location":null,"numPassingAsserts":5,"retryReasons":[],"status":"passed","title":"should cascade reset downstream tasks when an upstream task is manually reset"},{"ancestorTitles":["Project & Workflow Tests","Downstream Cascade Reset on Task Modification"],"duration":181,"failureDetails":[{"matcherResult":{"actual":400,"expected":200,"message":"expect(received).toBe(expected) // Object.is equality\n\nExpected: 200\nReceived: 400","name":"toBe","pass":false}}],"failureMessages":["Error: expect(received).toBe(expected) // Object.is equality\n\nExpected: 200\nReceived: 400\n    at expectSuccess (C:\\Users\\lty00\\Downloads\\subtitle-group-pipeline\\backend\\src\\tests\\helpers.ts:148:27)\n    at Object.<anonymous> (C:\\Users\\lty00\\Downloads\\subtitle-group-pipeline\\backend\\src\\tests\\project.test.ts:2611:20)\n    at processTicksAndRejections (node:internal/process/task_queues:103:5)"],"fullName":"Project & Workflow Tests Downstream Cascade Reset on Task Modification should allow supervisors to reset in-progress tasks and active downstream tasks","invocations":1,"location":null,"numPassingAsserts":0,"retryReasons":[],"status":"failed","title":"should allow supervisors to reset in-progress tasks and active downstream tasks"},{"ancestorTitles":["Project & Workflow Tests","Downstream Cascade Reset on Task Modification"],"duration":219,"failureDetails":[{"matcherResult":{"actual":400,"expected":200,"message":"expect(received).toBe(expected) // Object.is equality\n\nExpected: 200\nReceived: 400","name":"toBe","pass":false}}],"failureMessages":["Error: expect(received).toBe(expected) // Object.is equality\n\nExpected: 200\nReceived: 400\n    at expectSuccess (C:\\Users\\lty00\\Downloads\\subtitle-group-pipeline\\backend\\src\\tests\\helpers.ts:148:27)\n    at Object.<anonymous> (C:\\Users\\lty00\\Downloads\\subtitle-group-pipeline\\backend\\src\\tests\\project.test.ts:2693:20)\n    at processTicksAndRejections (node:internal/process/task_queues:103:5)"],"fullName":"Project & Workflow Tests Downstream Cascade Reset on Task Modification should reopen approved translation claims when resetting completed translation tasks","invocations":1,"location":null,"numPassingAsserts":7,"retryReasons":[],"status":"failed","title":"should reopen approved translation claims when resetting completed translation tasks"},{"ancestorTitles":["Project & Workflow Tests","Downstream Cascade Reset on Task Modification"],"duration":43,"failureDetails":[],"failureMessages":[],"fullName":"Project & Workflow Tests Downstream Cascade Reset on Task Modification should prevent non-supervisors from manually resetting project tasks","invocations":1,"location":null,"numPassingAsserts":3,"retryReasons":[],"status":"passed","title":"should prevent non-supervisors from manually resetting project tasks"},{"ancestorTitles":["Project & Workflow Tests","Role-Specific Reset Behavior"],"duration":87,"failureDetails":[],"failureMessages":[],"fullName":"Project & Workflow Tests Role-Specific Reset Behavior should retain file history for non-release roles on reset","invocations":1,"location":null,"numPassingAsserts":5,"retryReasons":[],"status":"passed","title":"should retain file history for non-release roles on reset"},{"ancestorTitles":["Project & Workflow Tests","Role-Specific Reset Behavior"],"duration":144,"failureDetails":[],"failureMessages":[],"fullName":"Project & Workflow Tests Role-Specific Reset Behavior should discard artifacts for release role on reset","invocations":1,"location":null,"numPassingAsserts":6,"retryReasons":[],"status":"passed","title":"should discard artifacts for release role on reset"}],"endTime":1780384246005,"message":"  ● Project & Workflow Tests › Project Listing › should expose members and assigned users for participated project filtering\n\n    expect(received).toBe(expected) // Object.is equality\n\n    Expected: 200\n    Received: 401\n\n    \u001b[0m \u001b[90m 146 |\u001b[39m\n     \u001b[90m 147 |\u001b[39m \u001b[36mexport\u001b[39m \u001b[36mfunction\u001b[39m expectSuccess(response\u001b[33m:\u001b[39m request\u001b[33m.\u001b[39m\u001b[33mResponse\u001b[39m\u001b[33m,\u001b[39m statusCode \u001b[33m=\u001b[39m \u001b[35m200\u001b[39m) {\n    \u001b[31m\u001b[1m>\u001b[22m\u001b[39m\u001b[90m 148 |\u001b[39m   expect(response\u001b[33m.\u001b[39mstatus)\u001b[33m.\u001b[39mtoBe(statusCode)\u001b[33m;\u001b[39m\n     \u001b[90m     |\u001b[39m                           \u001b[31m\u001b[1m^\u001b[22m\u001b[39m\n     \u001b[90m 149 |\u001b[39m   expect(response\u001b[33m.\u001b[39mbody\u001b[33m.\u001b[39msuccess)\u001b[33m.\u001b[39mtoBe(\u001b[36mtrue\u001b[39m)\u001b[33m;\u001b[39m\n     \u001b[90m 150 |\u001b[39m }\n     \u001b[90m 151 |\u001b[39m\u001b[0m\n\n      at expectSuccess (src/tests/helpers.ts:148:27)\n      at Object.<anonymous> (src/tests/project.test.ts:103:20)\n\n  ● Project & Workflow Tests › Template Instantiation › should reduce project units without requiring default tasks\n\n    expect(received).toBe(expected) // Object.is equality\n\n    Expected: 200\n    Received: 401\n\n    \u001b[0m \u001b[90m 146 |\u001b[39m\n     \u001b[90m 147 |\u001b[39m \u001b[36mexport\u001b[39m \u001b[36mfunction\u001b[39m expectSuccess(response\u001b[33m:\u001b[39m request\u001b[33m.\u001b[39m\u001b[33mResponse\u001b[39m\u001b[33m,\u001b[39m statusCode \u001b[33m=\u001b[39m \u001b[35m200\u001b[39m) {\n    \u001b[31m\u001b[1m>\u001b[22m\u001b[39m\u001b[90m 148 |\u001b[39m   expect(response\u001b[33m.\u001b[39mstatus)\u001b[33m.\u001b[39mtoBe(statusCode)\u001b[33m;\u001b[39m\n     \u001b[90m     |\u001b[39m                           \u001b[31m\u001b[1m^\u001b[22m\u001b[39m\n     \u001b[90m 149 |\u001b[39m   expect(response\u001b[33m.\u001b[39mbody\u001b[33m.\u001b[39msuccess)\u001b[33m.\u001b[39mtoBe(\u001b[36mtrue\u001b[39m)\u001b[33m;\u001b[39m\n     \u001b[90m 150 |\u001b[39m }\n     \u001b[90m 151 |\u001b[39m\u001b[0m\n\n      at expectSuccess (src/tests/helpers.ts:148:27)\n      at Object.<anonymous> (src/tests/project.test.ts:281:20)\n\n  ● Project & Workflow Tests › Template Instantiation › should reduce project units by deleting selected episodes instead of only the tail\n\n    expect(received).toBe(expected) // Object.is equality\n\n    Expected: 200\n    Received: 400\n\n    \u001b[0m \u001b[90m 146 |\u001b[39m\n     \u001b[90m 147 |\u001b[39m \u001b[36mexport\u001b[39m \u001b[36mfunction\u001b[39m expectSuccess(response\u001b[33m:\u001b[39m request\u001b[33m.\u001b[39m\u001b[33mResponse\u001b[39m\u001b[33m,\u001b[39m statusCode \u001b[33m=\u001b[39m \u001b[35m200\u001b[39m) {\n    \u001b[31m\u001b[1m>\u001b[22m\u001b[39m\u001b[90m 148 |\u001b[39m   expect(response\u001b[33m.\u001b[39mstatus)\u001b[33m.\u001b[39mtoBe(statusCode)\u001b[33m;\u001b[39m\n     \u001b[90m     |\u001b[39m                           \u001b[31m\u001b[1m^\u001b[22m\u001b[39m\n     \u001b[90m 149 |\u001b[39m   expect(response\u001b[33m.\u001b[39mbody\u001b[33m.\u001b[39msuccess)\u001b[33m.\u001b[39mtoBe(\u001b[36mtrue\u001b[39m)\u001b[33m;\u001b[39m\n     \u001b[90m 150 |\u001b[39m }\n     \u001b[90m 151 |\u001b[39m\u001b[0m\n\n      at expectSuccess (src/tests/helpers.ts:148:27)\n      at Object.<anonymous> (src/tests/project.test.ts:329:20)\n\n  ● Project & Workflow Tests › Template Instantiation › should force delete selected non-empty episodes after explicit confirmation\n\n    expect(received).toBe(expected) // Object.is equality\n\n    Expected: 200\n    Received: 400\n\n    \u001b[0m \u001b[90m 146 |\u001b[39m\n     \u001b[90m 147 |\u001b[39m \u001b[36mexport\u001b[39m \u001b[36mfunction\u001b[39m expectSuccess(response\u001b[33m:\u001b[39m request\u001b[33m.\u001b[39m\u001b[33mResponse\u001b[39m\u001b[33m,\u001b[39m statusCode \u001b[33m=\u001b[39m \u001b[35m200\u001b[39m) {\n    \u001b[31m\u001b[1m>\u001b[22m\u001b[39m\u001b[90m 148 |\u001b[39m   expect(response\u001b[33m.\u001b[39mstatus)\u001b[33m.\u001b[39mtoBe(statusCode)\u001b[33m;\u001b[39m\n     \u001b[90m     |\u001b[39m                           \u001b[31m\u001b[1m^\u001b[22m\u001b[39m\n     \u001b[90m 149 |\u001b[39m   expect(response\u001b[33m.\u001b[39mbody\u001b[33m.\u001b[39msuccess)\u001b[33m.\u001b[39mtoBe(\u001b[36mtrue\u001b[39m)\u001b[33m;\u001b[39m\n     \u001b[90m 150 |\u001b[39m }\n     \u001b[90m 151 |\u001b[39m\u001b[0m\n\n      at expectSuccess (src/tests/helpers.ts:148:27)\n      at Object.<anonymous> (src/tests/project.test.ts:440:20)\n\n  ● Project & Workflow Tests › Template Instantiation › should inherit product config from template\n\n    TypeError: Cannot read properties of null (reading 'product_config')\n\n    \u001b[0m \u001b[90m 485 |\u001b[39m       })\u001b[33m;\u001b[39m\n     \u001b[90m 486 |\u001b[39m\n    \u001b[31m\u001b[1m>\u001b[22m\u001b[39m\u001b[90m 487 |\u001b[39m       \u001b[36mconst\u001b[39m config \u001b[33m=\u001b[39m \u001b[33mJSON\u001b[39m\u001b[33m.\u001b[39mparse(project\u001b[33m!\u001b[39m\u001b[33m
[...]
sons":[],"status":"passed","title":"rate-limits the QQ verification webhook per trusted client IP bucket"},{"ancestorTitles":["Security Remediation Wave 4","sensitive endpoint rate limiting"],"duration":1738,"failureDetails":[],"failureMessages":[],"fullName":"Security Remediation Wave 4 sensitive endpoint rate limiting rate-limits QQ API routes","invocations":1,"location":null,"numPassingAsserts":63,"retryReasons":[],"status":"passed","title":"rate-limits QQ API routes"},{"ancestorTitles":["Security Remediation Wave 4","PII non-disclosure invariant"],"duration":45,"failureDetails":[],"failureMessages":[],"fullName":"Security Remediation Wave 4 PII non-disclosure invariant never returns email or QQ number for non-privileged roles","invocations":1,"location":null,"numPassingAsserts":8,"retryReasons":[],"status":"passed","title":"never returns email or QQ number for non-privileged roles"}],"endTime":1780384284624,"message":"","name":"C:\\Users\\lty00\\Downloads\\subtitle-group-pipeline\\backend\\src\\tests\\security-wave4-revocation.test.ts","startTime":1780384281992,"status":"passed","summary":""},{"assertionResults":[{"ancestorTitles":["Security Wave 2 HTTP Coverage","QQ verification webhook bridge token"],"duration":160,"failureDetails":[],"failureMessages":[],"fullName":"Security Wave 2 HTTP Coverage QQ verification webhook bridge token returns 401 and does not complete verification when bridge token is missing","invocations":1,"location":null,"numPassingAsserts":8,"retryReasons":[],"status":"passed","title":"returns 401 and does not complete verification when bridge token is missing"},{"ancestorTitles":["Security Wave 2 HTTP Coverage","QQ verification webhook bridge token"],"duration":39,"failureDetails":[],"failureMessages":[],"fullName":"Security Wave 2 HTTP Coverage QQ verification webhook bridge token rejects every command before downstream auth handlers when bridge token is missing","invocations":1,"location":null,"numPassingAsserts":15,"retryReasons":[],"status":"passed","title":"rejects every command before downstream auth handlers when bridge token is missing"},{"ancestorTitles":["Security Wave 2 HTTP Coverage","QQ verification webhook bridge token"],"duration":84,"failureDetails":[],"failureMessages":[],"fullName":"Security Wave 2 HTTP Coverage QQ verification webhook bridge token returns 401 and does not complete verification when bridge token is wrong","invocations":1,"location":null,"numPassingAsserts":8,"retryReasons":[],"status":"passed","title":"returns 401 and does not complete verification when bridge token is wrong"},{"ancestorTitles":["Security Wave 2 HTTP Coverage","QQ verification webhook bridge token"],"duration":146,"failureDetails":[],"failureMessages":[],"fullName":"Security Wave 2 HTTP Coverage QQ verification webhook bridge token allows verification when bridge token is correct","invocations":1,"location":null,"numPassingAsserts":8,"retryReasons":[],"status":"passed","title":"allows verification when bridge token is correct"},{"ancestorTitles":["Security Wave 2 HTTP Coverage","Project and file authorization boundaries"],"duration":60,"failureDetails":[],"failureMessages":[],"fullName":"Security Wave 2 HTTP Coverage Project and file authorization boundaries returns 403 instead of an empty list when a non-member lists project files","invocations":1,"location":null,"numPassingAsserts":4,"retryReasons":[],"status":"passed","title":"returns 403 instead of an empty list when a non-member lists project files"},{"ancestorTitles":["Security Wave 2 HTTP Coverage","Project and file authorization boundaries"],"duration":89,"failureDetails":[{"matcherResult":{"actual":401,"expected":403,"message":"expect(received).toBe(expected) // Object.is equality\n\nExpected: 403\nReceived: 401","name":"toBe","pass":false}}],"failureMessages":["Error: expect(received).toBe(expected) // Object.is equality\n\nExpected: 403\nReceived: 401\n    at expectError (C:\\Users\\lty00\\Downloads\\subtitle-group-pipeline\\backend\\src\\tests\\helpers.ts:153:27)\n    at Object.<anonymous> (C:\\Users\\lty00\\Downloads\\subtitle-group-pipeline\\backend\\src\\tests\\security-wave2-http.test.ts:165:18)\n    at processTicksAndRejections (node:internal/process/task_queues:103:5)"],"fullName":"Security Wave 2 HTTP Coverage Project and file authorization boundaries returns 403 instead of an empty list on project-scoped file listing aliases","invocations":1,"location":null,"numPassingAsserts":0,"retryReasons":[],"status":"failed","title":"returns 403 instead of an empty list on project-scoped file listing aliases"},{"ancestorTitles":["Security Wave 2 HTTP Coverage","Project and file authorization boundaries"],"duration":73,"failureDetails":[],"failureMessages":[],"fullName":"Security Wave 2 HTTP Coverage Project and file authorization boundaries returns 403 when a non-member reads file metadata","invocations":1,"location":null,"numPassingAsserts":4,"retryReasons":[],"status":"passed","title":"returns 403 when a non-member reads file metadata"},{"ancestorTitles":["Security Wave 2 HTTP Coverage","Project and file authorization boundaries"],"duration":117,"failureDetails":[],"failureMessages":[],"fullName":"Security Wave 2 HTTP Coverage Project and file authorization boundaries returns 403 when a non-member reads file versions","invocations":1,"location":null,"numPassingAsserts":4,"retryReasons":[],"status":"passed","title":"returns 403 when a non-member reads file versions"},{"ancestorTitles":["Security Wave 2 HTTP Coverage","Project and file authorization boundaries"],"duration":28,"failureDetails":[],"failureMessages":[],"fullName":"Security Wave 2 HTTP Coverage Project and file authorization boundaries returns 401 for anonymous project list reads","invocations":1,"location":null,"numPassingAsserts":3,"retryReasons":[],"status":"passed","title":"returns 401 for anonymous project list reads"},{"ancestorTitles":["Security Wave 2 HTTP Coverage","Project and file authorization boundaries"],"duration":20,"failureDetails":[],"failureMessages":[],"fullName":"Security Wave 2 HTTP Coverage Project and file authorization boundaries returns 401 for anonymous project detail reads","invocations":1,"location":null,"numPassingAsserts":3,"retryReasons":[],"status":"passed","title":"returns 401 for anonymous project detail reads"},{"ancestorTitles":["Security Wave 2 HTTP Coverage","Project and file authorization boundaries"],"duration":44,"failureDetails":[],"failureMessages":[],"fullName":"Security Wave 2 HTTP Coverage Project and file authorization boundaries returns 401 for anonymous project members reads","invocations":1,"location":null,"numPassingAsserts":3,"retryReasons":[],"status":"passed","title":"returns 401 for anonymous project members reads"},{"ancestorTitles":["Security Wave 2 HTTP Coverage","Project and file authorization boundaries"],"duration":38,"failureDetails":[],"failureMessages":[],"fullName":"Security Wave 2 HTTP Coverage Project and file authorization boundaries returns 403 when an authenticated non-member reads project detail","invocations":1,"location":null,"numPassingAsserts":3,"retryReasons":[],"status":"passed","title":"returns 403 when an authenticated non-member reads project detail"},{"ancestorTitles":["Security Wave 2 HTTP Coverage","Project and file authorization boundaries"],"duration":93,"failureDetails":[],"failureMessages":[],"fullName":"Security Wave 2 HTTP Coverage Project and file authorization boundaries returns 403 when an authenticated non-member reads project members","invocations":1,"location":null,"numPassingAsserts":3,"retryReasons":[],"status":"passed","title":"returns 403 when an authenticated non-member reads project members"}],"endTime":1780384285782,"message":"  ● Security Wave 2 HTTP Coverage › Project and file authorization boundaries › returns 403 instead of an empty list on project-scoped file listing aliases\n\n    expect(received).toBe(expected) // Object.is equality\n\n    Expected: 403\n    Received: 401\n\n    \u001b[0m \u001b[90m 151 |\u001b[39m\n     \u001b[90m 152 |\u001b[39m \u001b[36mexport\u001b[39m \u001b[36mfunction\u001b[39m expectError(response\u001b[33m:\u001b[39m request\u001b[33m.\u001b[39m\u001b[33mResponse\u001b[39m\u001b[33m,\u001b[39m statusCode\u001b[33m:\u001b[39m number\u001b[33m,\u001b[39m errorCode\u001b[33m?\u001b[39m\u001b[33m:\u001b[39m string) {\n    \u001b[31m\u001b[1m>\u001b[22m\u001b[39m\u001b[90m 153 |\u001b[39m   expect(response\u001b[33m.\u001b[39mstatus)\u001b[33m.\u001b[39mtoBe(statusCode)\u001b[33m;\u001b[39m\n     \u001b[90m     |\u001b[39m                           \u001b[31m\u001b[1m^\u001b[22m\u001b[39m\n     \u001b[90m 154 |\u001b[39m   expect(response\u001b[33m.\u001b[39mbody\u001b[33m.\u001b[39msuccess)\u001b[33m.\u001b[39mtoBe(\u001b[36mfalse\u001b[39m)\u001b[33m;\u001b[39m\n     \u001b[90m 155 |\u001b[39m   \u001b[36mif\u001b[39m (errorCode) {\n     \u001b[90m 156 |\u001b[39m     expect(response\u001b[33m.\u001b[39mbody\u001b[33m.\u001b[39merror\u001b[33m?\u001b[39m\u001b[33m.\u001b[39mcode)\u001b[33m.\u001b[39mtoBe(errorCode)\u001b[33m;\u001b[39m\u001b[0m\n\n      at expectError (src/tests/helpers.ts:153:27)\n      at Object.<anonymous> (src/tests/security-wave2-http.test.ts:165:18)\n","name":"C:\\Users\\lty00\\Downloads\\subtitle-group-pipeline\\backend\\src\\tests\\security-wave2-http.test.ts","startTime":1780384284629,"status":"failed","summary":""},{"assertionResults":[{"ancestorTitles":["Security Remediation Wave 1","getClientIp trusted proxy handling"],"duration":34,"failureDetails":[],"failureMessages":[],"fullName":"Security Remediation Wave 1 getClientIp trusted proxy handling honors cf-connecting-ip only when the immediate remote is trusted","invocations":1,"location":null,"numPassingAsserts":1,"retryReasons":[],"status":"passed","title":"honors cf-connecting-ip only when the immediate remote is trusted"},{"ancestorTitles":["Security Remediation Wave 1","getClientIp trusted proxy handling"],"duration":6,"failureDetails":[],"failureMessages":[],"fullName":"Security Remediation Wave 1 getClientIp trusted proxy handling honors true-client-ip from a trusted remote when Cloudflare header is absent","invocations":1,"location":null,"numPassingAsserts":1,"retryReasons":[],"status":"passed","title":"honors true-client-ip from a trusted remote when Cloudflare header is absent"},{"ancestorTitles":["Security Remediation Wave 1","getClientIp trusted proxy handling"],"duration":7,"failureDetails":[],"failureMessages":[],"fullName":"Security Remediation Wave 1 getClientIp trusted proxy handling ignores forged proxy headers from an untrusted remote and falls back to req.ip","invocations":1,"location":null,"numPassingAsserts":1,"retryReasons":[],"status":"passed","title":"ignores forged proxy headers from an untrusted remote and falls back to req.ip"},{"ancestorTitles":["Security Remediation Wave 1","verification code invariants"],"duration":371,"failureDetails":[],"failureMessages":[],"fullName":"Security Remediation Wave 1 verification code invariants generates 8-character base62 password reset codes across repeated samples","invocations":1,"location":null,"numPassingAsserts":40,"retryReasons":[],"status":"passed","title":"generates 8-character base62 password reset codes across repeated samples"},{"ancestorTitles":["Security Remediation Wave 1","verification code invariants"],"duration":34,"failureDetails":[],"failureMessages":[],"fullName":"Security Remediation Wave 1 verification code invariants does not depend on Math.random for password reset code generation","invocations":1,"location":null,"numPassingAsserts":2,"retryReasons":[],"status":"passed","title":"does not depend on Math.random for password reset code generation"},{"ancestorTitles":["Security Remediation Wave 1","setup initialized guard"],"duration":115,"failureDetails":[],"failureMessages":[],"fullName":"Security Remediation Wave 1 setup initialized guard throws ALREADY_INITIALIZED before provider validation or setup side effects","invocations":1,"location":null,"numPassingAsserts":6,"retryReasons":[],"status":"passed","title":"throws ALREADY_INITIALIZED before provider validation or setup side effects"},{"ancestorTitles":["Security Remediation Wave 1","setup initialized guard"],"duration":111,"failureDetails":[],"failureMessages":[],"fullName":"Security Remediation Wave 1 setup initialized guard allows first-time SQLite bootstrap when the system is uninitialized","invocations":1,"location":null,"numPassingAsserts":3,"retryReasons":[],"status":"passed","title":"allows first-time SQLite bootstrap when the system is uninitialized"}],"endTime":1780384286557,"message":"","name":"C:\\Users\\lty00\\Downloads\\subtitle-group-pipeline\\backend\\src\\tests\\security-remediation.test.ts","startTime":1780384285784,"status":"passed","summary":""},{"assertionResults":[{"ancestorTitles":["Security Remediation Wave 3 PII minimization"],"duration":32,"failureDetails":[],"failureMessages":[],"fullName":"Security Remediation Wave 3 PII minimization omits email and QQ number for non-privileged auth user listings","invocations":1,"location":null,"numPassingAsserts":6,"retryReasons":[],"status":"passed","title":"omits email and QQ number for non-privileged auth user listings"},{"ancestorTitles":["Security Remediation Wave 3 PII minimization"],"duration":30,"failureDetails":[],"failureMessages":[],"fullName":"Security Remediation Wave 3 PII minimization omits email and QQ number for non-privileged root-level user aliases","invocations":1,"location":null,"numPassingAsserts":6,"retryReasons":[],"status":"passed","title":"omits email and QQ number for non-privileged root-level user aliases"},{"ancestorTitles":["Security Remediation Wave 3 PII minimization"],"duration":26,"failureDetails":[],"failureMessages":[],"fullName":"Security Remediation Wave 3 PII minimization returns PII fields for privileged user listings","invocations":1,"location":null,"numPassingAsserts":3,"retryReasons":[],"status":"passed","title":"returns PII fields for privileged user listings"},{"ancestorTitles":["Security Remediation Wave 3 PII minimization"],"duration":18,"failureDetails":[],"failureMessages":[],"fullName":"Security Remediation Wave 3 PII minimization fails closed when requester role is missing","invocations":1,"location":null,"numPassingAsserts":2,"retryReasons":[],"status":"passed","title":"fails closed when requester role is missing"}],"endTime":1780384286811,"message":"","name":"C:\\Users\\lty00\\Downloads\\subtitle-group-pipeline\\backend\\src\\tests\\security-wave3-pii.test.ts","startTime":1780384286559,"status":"passed","summary":""},{"assertionResults":[{"ancestorTitles":["Security Remediation Wave 2","JWT algorithm enforcement"],"duration":18,"failureDetails":[],"failureMessages":[],"fullName":"Security Remediation Wave 2 JWT algorithm enforcement rejects alg=none tokens","invocations":1,"location":null,"numPassingAsserts":1,"retryReasons":[],"status":"passed","title":"rejects alg=none tokens"},{"ancestorTitles":["Security Remediation Wave 2","JWT algorithm enforcement"],"duration":7,"failureDetails":[],"failureMessages":[],"fullName":"Security Remediation Wave 2 JWT algorithm enforcement rejects HMAC tokens signed with a non-HS256 algorithm","invocations":1,"location":null,"numPassingAsserts":1,"retryReasons":[],"status":"passed","title":"rejects HMAC tokens signed with a non-HS256 algorithm"},{"ancestorTitles":["Security Remediation Wave 2","validateUpload extension invariants"],"duration":33,"failureDetails":[],"failureMessages":[],"fullName":"Security Remediation Wave 2 validateUpload extension invariants only accepts uploads whose extension is in the effective allowlist","invocations":1,"location":null,"numPassingAsserts":10,"retryReasons":[],"status":"passed","title":"only accepts uploads whose extension is in the effective allowlist"},{"ancestorTitles":["Security Remediation Wave 2","validateUpload extension invariants"],"duration":35,"failureDetails":[],"failureMessages":[],"fullName":"Security Remediation Wave 2 validateUpload extension invariants rejects extensions outside the allowlist even when MIME looks allowed","invocations":1,"location":null,"numPassingAsserts":12,"retryReasons":[],"status":"passed","title":"rejects extensions outside the allowlist even when MIME looks allowed"},{"ancestorTitles":["Security Remediation Wave 2","validateUpload extension invariants"],"duration":32,"failureDetails":[],"failureMessages":[],"fullName":"Security Remediation Wave 2 validateUpload extension invariants rejects .html and .svg while accepting .ass and role-appropriate .mp4","invocations":1,"location":null,"numPassingAsserts":4,"retryReasons":[],"status":"passed","title":"rejects .html and .svg while accepting .ass and role-appropriate .mp4"}],"endTime":1780384287040,"message":"","name":"C:\\Users\\lty00\\Downloads\\subtitle-group-pipeline\\backend\\src\\tests\\security-wave2-unit.test.ts","startTime":1780384286813,"status":"passed","summary":""},{"assertionResults":[{"ancestorTitles":["Security Remediation Wave 2 setup bootstrap"],"duration":14,"failureDetails":[],"failureMessages":[],"fullName":"Security Remediation Wave 2 setup bootstrap does not contain the retired manual SQL bootstrap path","invocations":1,"location":null,"numPassingAsserts":4,"retryReasons":[],"status":"passed","title":"does not contain the retired manual SQL bootstrap path"},{"ancestorTitles":["Security Remediation Wave 2 setup bootstrap"],"duration":95,"failureDetails":[],"failureMessages":[],"fullName":"Security Remediation Wave 2 setup bootstrap bootstraps SQLite with SQL metacharacters as literal admin and storage values","invocations":1,"location":null,"numPassingAsserts":7,"retryReasons":[],"status":"passed","title":"bootstraps SQLite with SQL metacharacters as literal admin and storage values"}],"endTime":1780384287241,"message":"","name":"C:\\Users\\lty00\\Downloads\\subtitle-group-pipeline\\backend\\src\\tests\\security-wave2-setup.test.ts","startTime":1780384287042,"status":"passed","summary":""},{"assertionResults":[{"ancestorTitles":["Security Remediation Wave 6 logging"],"duration":14,"failureDetails":[],"failureMessages":[],"fullName":"Security Remediation Wave 6 logging redacts download tokens from access logs","invocations":1,"location":null,"numPassingAsserts":2,"retryReasons":[],"status":"passed","title":"redacts download tokens from access logs"}],"endTime":1780384287377,"message":"","name":"C:\\Users\\lty00\\Downloads\\subtitle-group-pipeline\\backend\\src\\tests\\security-wave6-logging.test.ts","startTime":1780384287243,"status":"passed","summary":""},{"assertionResults":[{"ancestorTitles":["Structured ASS patching"],"duration":9,"failureDetails":[],"failureMessages":[],"fullName":"Structured ASS patching parses Aegisub private sections without treating them as subtitle events","invocations":1,"location":null,"numPassingAsserts":4,"retryReasons":[],"status":"passed","title":"parses Aegisub private sections without treating them as subtitle events"},{"ancestorTitles":["Structured ASS patching"],"duration":8,"failureDetails":[],"failureMessages":[],"fullName":"Structured ASS patching rewrites only Events text and preserves current Aegisub sections verbatim","invocations":1,"location":null,"numPassingAsserts":7,"retryReasons":[],"status":"passed","title":"rewrites only Events text and preserves current Aegisub sections verbatim"},{"ancestorTitles":["Structured ASS patching"],"duration":7,"failureDetails":[],"failureMessages":[],"fullName":"Structured ASS patching keeps Aegisub extradata references protected as non-text structure","invocations":1,"location":null,"numPassingAsserts":3,"retryReasons":[],"status":"passed","title":"keeps Aegisub extradata references protected as non-text structure"}],"endTime":1780384287502,"message":"","name":"C:\\Users\\lty00\\Downloads\\subtitle-group-pipeline\\backend\\src\\tests\\ass-structured.test.ts","startTime":1780384287379,"status":"passed","summary":""}],"wasInterrupted":false}
